[2025-11-02T01:47:23.441+0000] {taskinstance.py:1956} INFO - Dependencies all met for dep_context=non-requeueable deps ti=<TaskInstance: gold_dimensions_pipeline.dbt_dim_date manual__2025-11-02T01:40:23.478659+00:00 [queued]>
[2025-11-02T01:47:23.456+0000] {taskinstance.py:1956} INFO - Dependencies all met for dep_context=requeueable deps ti=<TaskInstance: gold_dimensions_pipeline.dbt_dim_date manual__2025-11-02T01:40:23.478659+00:00 [queued]>
[2025-11-02T01:47:23.457+0000] {taskinstance.py:2170} INFO - Starting attempt 3 of 5
[2025-11-02T01:47:23.475+0000] {taskinstance.py:2191} INFO - Executing <Task(PythonOperator): dbt_dim_date> on 2025-11-02 01:40:23.478659+00:00
[2025-11-02T01:47:23.481+0000] {standard_task_runner.py:60} INFO - Started process 4346 to run task
[2025-11-02T01:47:23.485+0000] {standard_task_runner.py:87} INFO - Running: ['***', 'tasks', 'run', 'gold_dimensions_pipeline', 'dbt_dim_date', 'manual__2025-11-02T01:40:23.478659+00:00', '--job-id', '260', '--raw', '--subdir', 'DAGS_FOLDER/gold_dag.py', '--cfg-path', '/tmp/tmpbw1o38pr']
[2025-11-02T01:47:23.488+0000] {standard_task_runner.py:88} INFO - Job 260: Subtask dbt_dim_date
[2025-11-02T01:47:23.585+0000] {task_command.py:423} INFO - Running <TaskInstance: gold_dimensions_pipeline.dbt_dim_date manual__2025-11-02T01:40:23.478659+00:00 [running]> on host 3b0074fa0b5e
[2025-11-02T01:47:23.784+0000] {taskinstance.py:2480} INFO - Exporting env vars: AIRFLOW_CTX_DAG_OWNER='***' AIRFLOW_CTX_DAG_ID='gold_dimensions_pipeline' AIRFLOW_CTX_TASK_ID='dbt_dim_date' AIRFLOW_CTX_EXECUTION_DATE='2025-11-02T01:40:23.478659+00:00' AIRFLOW_CTX_TRY_NUMBER='3' AIRFLOW_CTX_DAG_RUN_ID='manual__2025-11-02T01:40:23.478659+00:00'
[2025-11-02T01:47:27.930+0000] {logging_mixin.py:188} INFO - ==== DBT STDOUT ====
[2025-11-02T01:47:27.930+0000] {logging_mixin.py:188} INFO - 01:47:26  Running with dbt=1.5.9
01:47:26  Registered adapter: clickhouse=1.5.2
01:47:26  [WARNING]: Configuration paths exist in your dbt_project.yml file which do not apply to any resources.
There are 1 unused configuration paths:
- models.ck_project.gold.fact
01:47:26  Found 7 models, 17 tests, 0 snapshots, 0 analyses, 349 macros, 0 operations, 0 seed files, 6 sources, 0 exposures, 0 metrics, 0 groups
01:47:26  
01:47:26  Concurrency: 4 threads (target='dev')
01:47:26  
01:47:26  1 of 1 START sql table model default.dim_date .................................. [RUN]
01:47:27  1 of 1 ERROR creating sql table model default.dim_date ......................... [ERROR in 0.08s]
01:47:27  
01:47:27  Finished running 1 table model in 0 hours 0 minutes and 0.34 seconds (0.34s).
01:47:27  
01:47:27  Completed with 1 error and 0 warnings:
01:47:27  
01:47:27  Database Error in model dim_date (models/gold/dim/dim_date.sql)
01:47:27    Code: 62.
01:47:27    DB::Exception: Syntax error: failed at position 531 (() (line 23, col 15): ('2015-01-01'),
01:47:27      ed AS toDate('2035-12-31')
01:47:27    SELECT
01:47:27      toUInt32(toYYYYMMDD(d))           AS date_key,
01:47:27      d                                 AS full_date,
01:47:27      toYear(d)   ... Expected one of: token, Comma, FROM, SELECT. Stack trace:
01:47:27    
01:47:27    0. DB::Exception::Exception(DB::Exception::MessageMasked&&, int, bool) @ 0x00000000137a855f
01:47:27    1. DB::Exception::Exception(String const&, int, String, bool) @ 0x0000000012423c8e
01:47:27    2. DB::Exception::createDeprecated(String const&, int, bool) @ 0x0000000013a54f9f
01:47:27    3. DB::parseQueryAndMovePosition(DB::IParser&, char const*&, char const*, String const&, bool, unsigned long, unsigned long, unsigned long) @ 0x000000001aace132
01:47:27    4. DB::executeQueryImpl(char const*, char const*, std::shared_ptr<DB::Context>, DB::QueryFlags, DB::QueryProcessingStage::Enum, std::unique_ptr<DB::ReadBuffer, std::default_delete<DB::ReadBuffer>>&, std::shared_ptr<DB::IAST>&, std::shared_ptr<DB::ImplicitTransactionControlExecutor>) @ 0x0000000018779652
01:47:27    5. DB::executeQuery(String const&, std::shared_ptr<DB::Context>, DB::QueryFlags, DB::QueryProcessingStage::Enum) @ 0x00000000187786cb
01:47:27    6. DB::TCPHandler::runImpl() @ 0x0000000019e2d3db
01:47:27    7. DB::TCPHandler::run() @ 0x0000000019e4f119
01:47:27    8. Poco::Net::TCPServerConnection::start() @ 0x000000001ef4ed07
01:47:27    9. Poco::Net::TCPServerDispatcher::run() @ 0x000000001ef4f199
01:47:27    10. Poco::PooledThread::run() @ 0x000000001ef15b87
01:47:27    11. Poco::ThreadImpl::runnableEntry(void*) @ 0x000000001ef13f81
01:47:27    12. ? @ 0x0000000000094ac3
01:47:27    13. ? @ 0x0000000000125a74
01:47:27  
01:47:27  Done. PASS=0 WARN=0 ERROR=1 SKIP=0 TOTAL=1
[2025-11-02T01:47:27.931+0000] {logging_mixin.py:188} INFO - ==== DBT STDERR ====
[2025-11-02T01:47:27.931+0000] {taskinstance.py:2698} ERROR - Task failed with exception
Traceback (most recent call last):
  File "/home/airflow/.local/lib/python3.8/site-packages/airflow/models/taskinstance.py", line 433, in _execute_task
    result = execute_callable(context=context, **execute_callable_kwargs)
  File "/home/airflow/.local/lib/python3.8/site-packages/airflow/operators/python.py", line 199, in execute
    return_value = self.execute_callable()
  File "/home/airflow/.local/lib/python3.8/site-packages/airflow/operators/python.py", line 216, in execute_callable
    return self.python_callable(*self.op_args, **self.op_kwargs)
  File "/opt/airflow/dags/gold_dag.py", line 114, in <lambda>
    python_callable=lambda **_: _run_dbt("dim_date"),
  File "/opt/airflow/dags/gold_dag.py", line 85, in _run_dbt
    raise RuntimeError(
RuntimeError: dbt failed (1).
STDOUT:
01:47:26  Running with dbt=1.5.9
01:47:26  Registered adapter: clickhouse=1.5.2
01:47:26  [WARNING]: Configuration paths exist in your dbt_project.yml file which do not apply to any resources.
There are 1 unused configuration paths:
- models.ck_project.gold.fact
01:47:26  Found 7 models, 17 tests, 0 snapshots, 0 analyses, 349 macros, 0 operations, 0 seed files, 6 sources, 0 exposures, 0 metrics, 0 groups
01:47:26  
01:47:26  Concurrency: 4 threads (target='dev')
01:47:26  
01:47:26  1 of 1 START sql table model default.dim_date .................................. [RUN]
01:47:27  1 of 1 ERROR creating sql table model default.dim_date ......................... [ERROR in 0.08s]
01:47:27  
01:47:27  Finished running 1 table model in 0 hours 0 minutes and 0.34 seconds (0.34s).
01:47:27  
01:47:27  Completed with 1 error and 0 warnings:
01:47:27  
01:47:27  Database Error in model dim_date (models/gold/dim/dim_date.sql)
01:47:27    Code: 62.
01:47:27    DB::Exception: Syntax error: failed at position 531 (() (line 23, col 15): ('2015-01-01'),
01:47:27      ed AS toDate('2035-12-31')
01:47:27    SELECT
01:47:27      toUInt32(toYYYYMMDD(d))           AS date_key,
01:47:27      d                                 AS full_date,
01:47:27      toYear(d)   ... Expected one of: token, Comma, FROM, SELECT. Stack trace:
01:47:27    
01:47:27    0. DB::Exception::Exception(DB::Exception::MessageMasked&&, int, bool) @ 0x00000000137a855f
01:47:27    1. DB::Exception::Exception(String const&, int, String, bool) @ 0x0000000012423c8e
01:47:27    2. DB::Exception::createDeprecated(String const&, int, bool) @ 0x0000000013a54f9f
01:47:27    3. DB::parseQueryAndMovePosition(DB::IParser&, char const*&, char const*, String const&, bool, unsigned long, unsigned long, unsigned long) @ 0x000000001aace132
01:47:27    4. DB::executeQueryImpl(char const*, char const*, std::shared_ptr<DB::Context>, DB::QueryFlags, DB::QueryProcessingStage::Enum, std::unique_ptr<DB::ReadBuffer, std::default_delete<DB::ReadBuffer>>&, std::shared_ptr<DB::IAST>&, std::shared_ptr<DB::ImplicitTransactionControlExecutor>) @ 0x0000000018779652
01:47:27    5. DB::executeQuery(String const&, std::shared_ptr<DB::Context>, DB::QueryFlags, DB::QueryProcessingStage::Enum) @ 0x00000000187786cb
01:47:27    6. DB::TCPHandler::runImpl() @ 0x0000000019e2d3db
01:47:27    7. DB::TCPHandler::run() @ 0x0000000019e4f119
01:47:27    8. Poco::Net::TCPServerConnection::start() @ 0x000000001ef4ed07
01:47:27    9. Poco::Net::TCPServerDispatcher::run() @ 0x000000001ef4f199
01:47:27    10. Poco::PooledThread::run() @ 0x000000001ef15b87
01:47:27    11. Poco::ThreadImpl::runnableEntry(void*) @ 0x000000001ef13f81
01:47:27    12. ? @ 0x0000000000094ac3
01:47:27    13. ? @ 0x0000000000125a74
01:47:27  
01:47:27  Done. PASS=0 WARN=0 ERROR=1 SKIP=0 TOTAL=1


STDERR:

[2025-11-02T01:47:27.944+0000] {taskinstance.py:1138} INFO - Marking task as UP_FOR_RETRY. dag_id=gold_dimensions_pipeline, task_id=dbt_dim_date, execution_date=20251102T014023, start_date=20251102T014723, end_date=20251102T014727
[2025-11-02T01:47:27.968+0000] {standard_task_runner.py:107} ERROR - Failed to execute job 260 for task dbt_dim_date (dbt failed (1).
STDOUT:
01:47:26  Running with dbt=1.5.9
01:47:26  Registered adapter: clickhouse=1.5.2
01:47:26  [WARNING]: Configuration paths exist in your dbt_project.yml file which do not apply to any resources.
There are 1 unused configuration paths:
- models.ck_project.gold.fact
01:47:26  Found 7 models, 17 tests, 0 snapshots, 0 analyses, 349 macros, 0 operations, 0 seed files, 6 sources, 0 exposures, 0 metrics, 0 groups
01:47:26  
01:47:26  Concurrency: 4 threads (target='dev')
01:47:26  
01:47:26  1 of 1 START sql table model default.dim_date .................................. [RUN]
01:47:27  1 of 1 ERROR creating sql table model default.dim_date ......................... [ERROR in 0.08s]
01:47:27  
01:47:27  Finished running 1 table model in 0 hours 0 minutes and 0.34 seconds (0.34s).
01:47:27  
01:47:27  Completed with 1 error and 0 warnings:
01:47:27  
01:47:27  Database Error in model dim_date (models/gold/dim/dim_date.sql)
01:47:27    Code: 62.
01:47:27    DB::Exception: Syntax error: failed at position 531 (() (line 23, col 15): ('2015-01-01'),
01:47:27      ed AS toDate('2035-12-31')
01:47:27    SELECT
01:47:27      toUInt32(toYYYYMMDD(d))           AS date_key,
01:47:27      d                                 AS full_date,
01:47:27      toYear(d)   ... Expected one of: token, Comma, FROM, SELECT. Stack trace:
01:47:27    
01:47:27    0. DB::Exception::Exception(DB::Exception::MessageMasked&&, int, bool) @ 0x00000000137a855f
01:47:27    1. DB::Exception::Exception(String const&, int, String, bool) @ 0x0000000012423c8e
01:47:27    2. DB::Exception::createDeprecated(String const&, int, bool) @ 0x0000000013a54f9f
01:47:27    3. DB::parseQueryAndMovePosition(DB::IParser&, char const*&, char const*, String const&, bool, unsigned long, unsigned long, unsigned long) @ 0x000000001aace132
01:47:27    4. DB::executeQueryImpl(char const*, char const*, std::shared_ptr<DB::Context>, DB::QueryFlags, DB::QueryProcessingStage::Enum, std::unique_ptr<DB::ReadBuffer, std::default_delete<DB::ReadBuffer>>&, std::shared_ptr<DB::IAST>&, std::shared_ptr<DB::ImplicitTransactionControlExecutor>) @ 0x0000000018779652
01:47:27    5. DB::executeQuery(String const&, std::shared_ptr<DB::Context>, DB::QueryFlags, DB::QueryProcessingStage::Enum) @ 0x00000000187786cb
01:47:27    6. DB::TCPHandler::runImpl() @ 0x0000000019e2d3db
01:47:27    7. DB::TCPHandler::run() @ 0x0000000019e4f119
01:47:27    8. Poco::Net::TCPServerConnection::start() @ 0x000000001ef4ed07
01:47:27    9. Poco::Net::TCPServerDispatcher::run() @ 0x000000001ef4f199
01:47:27    10. Poco::PooledThread::run() @ 0x000000001ef15b87
01:47:27    11. Poco::ThreadImpl::runnableEntry(void*) @ 0x000000001ef13f81
01:47:27    12. ? @ 0x0000000000094ac3
01:47:27    13. ? @ 0x0000000000125a74
01:47:27  
01:47:27  Done. PASS=0 WARN=0 ERROR=1 SKIP=0 TOTAL=1


STDERR:
; 4346)
[2025-11-02T01:47:28.001+0000] {local_task_job_runner.py:234} INFO - Task exited with return code 1
[2025-11-02T01:47:28.038+0000] {taskinstance.py:3280} INFO - 0 downstream tasks scheduled from follow-on schedule check
