[2025-11-02T00:05:13.517+0000] {taskinstance.py:1956} INFO - Dependencies all met for dep_context=non-requeueable deps ti=<TaskInstance: silver_transformation_pipeline.dbt_run_linktx scheduled__2025-11-01T00:00:00+00:00 [queued]>
[2025-11-02T00:05:13.529+0000] {taskinstance.py:1956} INFO - Dependencies all met for dep_context=requeueable deps ti=<TaskInstance: silver_transformation_pipeline.dbt_run_linktx scheduled__2025-11-01T00:00:00+00:00 [queued]>
[2025-11-02T00:05:13.530+0000] {taskinstance.py:2170} INFO - Starting attempt 2 of 2
[2025-11-02T00:05:13.548+0000] {taskinstance.py:2191} INFO - Executing <Task(PythonOperator): dbt_run_linktx> on 2025-11-01 00:00:00+00:00
[2025-11-02T00:05:13.557+0000] {standard_task_runner.py:60} INFO - Started process 12866 to run task
[2025-11-02T00:05:13.563+0000] {standard_task_runner.py:87} INFO - Running: ['***', 'tasks', 'run', 'silver_transformation_pipeline', 'dbt_run_linktx', 'scheduled__2025-11-01T00:00:00+00:00', '--job-id', '270', '--raw', '--subdir', 'DAGS_FOLDER/silver_dag.py', '--cfg-path', '/tmp/tmpf7dfxrw3']
[2025-11-02T00:05:13.566+0000] {standard_task_runner.py:88} INFO - Job 270: Subtask dbt_run_linktx
[2025-11-02T00:05:13.659+0000] {task_command.py:423} INFO - Running <TaskInstance: silver_transformation_pipeline.dbt_run_linktx scheduled__2025-11-01T00:00:00+00:00 [running]> on host 6335aa85b335
[2025-11-02T00:05:13.789+0000] {taskinstance.py:2480} INFO - Exporting env vars: AIRFLOW_CTX_DAG_OWNER='***' AIRFLOW_CTX_DAG_ID='silver_transformation_pipeline' AIRFLOW_CTX_TASK_ID='dbt_run_linktx' AIRFLOW_CTX_EXECUTION_DATE='2025-11-01T00:00:00+00:00' AIRFLOW_CTX_TRY_NUMBER='2' AIRFLOW_CTX_DAG_RUN_ID='scheduled__2025-11-01T00:00:00+00:00'
[2025-11-02T00:05:19.874+0000] {taskinstance.py:2698} ERROR - Task failed with exception
Traceback (most recent call last):
  File "/home/airflow/.local/lib/python3.8/site-packages/airflow/models/taskinstance.py", line 433, in _execute_task
    result = execute_callable(context=context, **execute_callable_kwargs)
  File "/home/airflow/.local/lib/python3.8/site-packages/airflow/operators/python.py", line 199, in execute
    return_value = self.execute_callable()
  File "/home/airflow/.local/lib/python3.8/site-packages/airflow/operators/python.py", line 216, in execute_callable
    return self.python_callable(*self.op_args, **self.op_kwargs)
  File "/opt/airflow/dags/silver_dag.py", line 150, in _run_dbt
    raise RuntimeError(f"dbt failed ({proc.returncode}).\nSTDOUT:\n{proc.stdout}\n\nSTDERR:\n{proc.stderr}")
RuntimeError: dbt failed (2).
STDOUT:
00:05:16  Running with dbt=1.5.9
00:05:17  Registered adapter: clickhouse=1.5.2
00:05:17  Unable to do partial parsing because a project config has changed
00:05:18  Encountered an error:
Compilation Error in model dim_merchants (models/gold/dim/dim_merchants.sql)
  invalid syntax for function call expression
    line 1
      {{ config(


STDERR:

[2025-11-02T00:05:19.896+0000] {taskinstance.py:1138} INFO - Marking task as FAILED. dag_id=silver_transformation_pipeline, task_id=dbt_run_linktx, execution_date=20251101T000000, start_date=20251102T000513, end_date=20251102T000519
[2025-11-02T00:05:19.929+0000] {standard_task_runner.py:107} ERROR - Failed to execute job 270 for task dbt_run_linktx (dbt failed (2).
STDOUT:
00:05:16  Running with dbt=1.5.9
00:05:17  Registered adapter: clickhouse=1.5.2
00:05:17  Unable to do partial parsing because a project config has changed
00:05:18  Encountered an error:
Compilation Error in model dim_merchants (models/gold/dim/dim_merchants.sql)
  invalid syntax for function call expression
    line 1
      {{ config(


STDERR:
; 12866)
[2025-11-02T00:05:19.955+0000] {local_task_job_runner.py:234} INFO - Task exited with return code 1
[2025-11-02T00:05:19.976+0000] {taskinstance.py:3280} INFO - 0 downstream tasks scheduled from follow-on schedule check
