[2025-11-26T19:23:00.320+0000] {taskinstance.py:1956} INFO - Dependencies all met for dep_context=non-requeueable deps ti=<TaskInstance: ingestion_pipeline.load_merchants_bronze scheduled__2025-11-20T00:00:00+00:00 [queued]>
[2025-11-26T19:23:00.366+0000] {taskinstance.py:1956} INFO - Dependencies all met for dep_context=requeueable deps ti=<TaskInstance: ingestion_pipeline.load_merchants_bronze scheduled__2025-11-20T00:00:00+00:00 [queued]>
[2025-11-26T19:23:00.370+0000] {taskinstance.py:2170} INFO - Starting attempt 1 of 2
[2025-11-26T19:23:00.515+0000] {taskinstance.py:2191} INFO - Executing <Task(PythonOperator): load_merchants_bronze> on 2025-11-20 00:00:00+00:00
[2025-11-26T19:23:00.569+0000] {standard_task_runner.py:60} INFO - Started process 477 to run task
[2025-11-26T19:23:00.595+0000] {standard_task_runner.py:87} INFO - Running: ['***', 'tasks', 'run', 'ingestion_pipeline', 'load_merchants_bronze', 'scheduled__2025-11-20T00:00:00+00:00', '--job-id', '570', '--raw', '--subdir', 'DAGS_FOLDER/ingestion_dag.py', '--cfg-path', '/tmp/tmphi28e7cn']
[2025-11-26T19:23:00.610+0000] {standard_task_runner.py:88} INFO - Job 570: Subtask load_merchants_bronze
[2025-11-26T19:23:00.954+0000] {task_command.py:423} INFO - Running <TaskInstance: ingestion_pipeline.load_merchants_bronze scheduled__2025-11-20T00:00:00+00:00 [running]> on host 0d39d4365eb9
[2025-11-26T19:23:01.488+0000] {taskinstance.py:2480} INFO - Exporting env vars: AIRFLOW_CTX_DAG_OWNER='***' AIRFLOW_CTX_DAG_ID='ingestion_pipeline' AIRFLOW_CTX_TASK_ID='load_merchants_bronze' AIRFLOW_CTX_EXECUTION_DATE='2025-11-20T00:00:00+00:00' AIRFLOW_CTX_TRY_NUMBER='1' AIRFLOW_CTX_DAG_RUN_ID='scheduled__2025-11-20T00:00:00+00:00'
[2025-11-26T19:23:02.775+0000] {local_task_job_runner.py:121} ERROR - Received SIGTERM. Terminating subprocesses
[2025-11-26T19:23:02.925+0000] {process_utils.py:131} INFO - Sending 15 to group 477. PIDs of all processes in the group: [477]
[2025-11-26T19:23:02.981+0000] {process_utils.py:86} INFO - Sending the signal 15 to group 477
[2025-11-26T19:23:02.988+0000] {taskinstance.py:2450} ERROR - Received SIGTERM. Terminating subprocesses.
[2025-11-26T19:23:03.234+0000] {taskinstance.py:2698} ERROR - Task failed with exception
Traceback (most recent call last):
  File "/home/airflow/.local/lib/python3.8/site-packages/airflow/models/taskinstance.py", line 433, in _execute_task
    result = execute_callable(context=context, **execute_callable_kwargs)
  File "/home/airflow/.local/lib/python3.8/site-packages/airflow/operators/python.py", line 199, in execute
    return_value = self.execute_callable()
  File "/home/airflow/.local/lib/python3.8/site-packages/airflow/operators/python.py", line 216, in execute_callable
    return self.python_callable(*self.op_args, **self.op_kwargs)
  File "/opt/airflow/dags/pipelines/merchants_to_clickhouse.py", line 59, in _callable
    import pandas as pd
  File "/home/airflow/.local/lib/python3.8/site-packages/pandas/__init__.py", line 48, in <module>
    from pandas.core.api import (
  File "/home/airflow/.local/lib/python3.8/site-packages/pandas/core/api.py", line 27, in <module>
    from pandas.core.arrays import Categorical
  File "/home/airflow/.local/lib/python3.8/site-packages/pandas/core/arrays/__init__.py", line 19, in <module>
    from pandas.core.arrays.sparse import SparseArray
  File "/home/airflow/.local/lib/python3.8/site-packages/pandas/core/arrays/sparse/__init__.py", line 1, in <module>
    from pandas.core.arrays.sparse.accessor import (
  File "/home/airflow/.local/lib/python3.8/site-packages/pandas/core/arrays/sparse/accessor.py", line 16, in <module>
    from pandas.core.arrays.sparse.array import SparseArray
  File "/home/airflow/.local/lib/python3.8/site-packages/pandas/core/arrays/sparse/array.py", line 292, in <module>
    class SparseArray(OpsMixin, PandasObject, ExtensionArray):
  File "/home/airflow/.local/lib/python3.8/site-packages/pandas/core/arrays/sparse/array.py", line 364, in SparseArray
    _hidden_attrs = PandasObject._hidden_attrs | frozenset([])
  File "/home/airflow/.local/lib/python3.8/site-packages/airflow/models/taskinstance.py", line 2452, in signal_handler
    raise AirflowException("Task received SIGTERM signal")
airflow.exceptions.AirflowException: Task received SIGTERM signal
[2025-11-26T19:23:03.480+0000] {taskinstance.py:1138} INFO - Marking task as UP_FOR_RETRY. dag_id=ingestion_pipeline, task_id=load_merchants_bronze, execution_date=20251120T000000, start_date=20251126T192300, end_date=20251126T192303
[2025-11-26T19:23:03.598+0000] {standard_task_runner.py:107} ERROR - Failed to execute job 570 for task load_merchants_bronze (Task received SIGTERM signal; 477)
[2025-11-26T19:23:03.710+0000] {process_utils.py:79} INFO - Process psutil.Process(pid=477, status='terminated', exitcode=1, started='19:22:59') (477) terminated with exit code 1
[2025-11-26T19:23:03.750+0000] {local_task_job_runner.py:234} INFO - Task exited with return code 143
[2025-11-26T19:23:03.969+0000] {taskinstance.py:3280} INFO - 0 downstream tasks scheduled from follow-on schedule check
[2025-11-26T19:23:04.756+0000] {local_task_job_runner.py:121} ERROR - Received SIGTERM. Terminating subprocesses
[2025-11-26T19:23:04.760+0000] {local_task_job_runner.py:234} INFO - Task exited with return code 143
[2025-11-26T19:23:04.869+0000] {taskinstance.py:3280} INFO - 0 downstream tasks scheduled from follow-on schedule check
