[2025-11-02T01:18:40.461+0000] {taskinstance.py:1956} INFO - Dependencies all met for dep_context=non-requeueable deps ti=<TaskInstance: gold_dimensions_pipeline.dbt_gold_dims manual__2025-11-02T01:11:05.446744+00:00 [queued]>
[2025-11-02T01:18:40.479+0000] {taskinstance.py:1956} INFO - Dependencies all met for dep_context=requeueable deps ti=<TaskInstance: gold_dimensions_pipeline.dbt_gold_dims manual__2025-11-02T01:11:05.446744+00:00 [queued]>
[2025-11-02T01:18:40.481+0000] {taskinstance.py:2170} INFO - Starting attempt 3 of 4
[2025-11-02T01:18:40.517+0000] {taskinstance.py:2191} INFO - Executing <Task(PythonOperator): dbt_gold_dims> on 2025-11-02 01:11:05.446744+00:00
[2025-11-02T01:18:40.533+0000] {standard_task_runner.py:60} INFO - Started process 19567 to run task
[2025-11-02T01:18:40.540+0000] {standard_task_runner.py:87} INFO - Running: ['***', 'tasks', 'run', 'gold_dimensions_pipeline', 'dbt_gold_dims', 'manual__2025-11-02T01:11:05.446744+00:00', '--job-id', '449', '--raw', '--subdir', 'DAGS_FOLDER/gold_dag.py', '--cfg-path', '/tmp/tmpstcqhgpd']
[2025-11-02T01:18:40.546+0000] {standard_task_runner.py:88} INFO - Job 449: Subtask dbt_gold_dims
[2025-11-02T01:18:40.730+0000] {task_command.py:423} INFO - Running <TaskInstance: gold_dimensions_pipeline.dbt_gold_dims manual__2025-11-02T01:11:05.446744+00:00 [running]> on host 6335aa85b335
[2025-11-02T01:18:40.962+0000] {taskinstance.py:2480} INFO - Exporting env vars: AIRFLOW_CTX_DAG_OWNER='***' AIRFLOW_CTX_DAG_ID='gold_dimensions_pipeline' AIRFLOW_CTX_TASK_ID='dbt_gold_dims' AIRFLOW_CTX_EXECUTION_DATE='2025-11-02T01:11:05.446744+00:00' AIRFLOW_CTX_TRY_NUMBER='3' AIRFLOW_CTX_DAG_RUN_ID='manual__2025-11-02T01:11:05.446744+00:00'
[2025-11-02T01:18:55.506+0000] {logging_mixin.py:188} INFO - ==== DBT STDOUT ====
[2025-11-02T01:18:55.508+0000] {logging_mixin.py:188} INFO - 01:18:47  Running with dbt=1.5.9
01:18:47  Registered adapter: clickhouse=1.5.2
01:18:47  Unable to do partial parsing because a project config has changed
01:18:51  [WARNING]: Configuration paths exist in your dbt_project.yml file which do not apply to any resources.
There are 1 unused configuration paths:
- models.ck_project.gold.fact
01:18:51  Found 7 models, 17 tests, 0 snapshots, 0 analyses, 349 macros, 0 operations, 0 seed files, 6 sources, 0 exposures, 0 metrics, 0 groups
01:18:51  
01:18:52  Concurrency: 4 threads (target='dev')
01:18:52  
01:18:52  1 of 4 START sql table model default.dim_date .................................. [RUN]
01:18:52  2 of 4 START sql table model default.dim_merchants ............................. [RUN]
01:18:52  3 of 4 START sql table model default.dim_payment_method ........................ [RUN]
01:18:52  4 of 4 START sql table model default.dim_payment_state ......................... [RUN]
01:18:53  1 of 4 ERROR creating sql table model default.dim_date ......................... [ERROR in 0.57s]
01:18:53  2 of 4 ERROR creating sql table model default.dim_merchants .................... [ERROR in 0.71s]
01:18:53  3 of 4 OK created sql table model default.dim_payment_method ................... [OK in 1.21s]
01:18:53  4 of 4 OK created sql table model default.dim_payment_state .................... [OK in 1.21s]
01:18:53  
01:18:53  Finished running 4 table models in 0 hours 0 minutes and 2.10 seconds (2.10s).
01:18:54  
01:18:54  Completed with 2 errors and 0 warnings:
01:18:54  
01:18:54  Database Error in model dim_date (models/gold/dim/dim_date.sql)
01:18:54    Code: 62.
01:18:54    DB::Exception: Syntax error: failed at position 1256 (end of query) (line 46, col 18): ;
01:18:54              )
01:18:54            . Expected one of: token sequence, Dot, token, OR, AND, IS NOT DISTINCT FROM, IS NULL, IS NOT NULL, BETWEEN, NOT BETWEEN, LIKE, ILIKE, NOT LIKE, NOT ILIKE, REGEXP, IN, NOT IN, GLOBAL IN, GLOBAL NOT IN, MOD, DIV, alias, AS, DESCENDING, DESC, ASCENDING, ASC, NULLS, COLLATE, WITH FILL, Comma, LIMIT, OFFSET, FETCH, SETTINGS, UNION, EXCEPT, INTERSECT. Stack trace:
01:18:54    
01:18:54    0. DB::Exception::Exception(DB::Exception::MessageMasked&&, int, bool) @ 0x00000000137a855f
01:18:54    1. DB::Exception::Exception(String const&, int, String, bool) @ 0x0000000012423c8e
01:18:54    2. DB::Exception::createDeprecated(String const&, int, bool) @ 0x0000000013a54f9f
01:18:54    3. DB::parseQueryAndMovePosition(DB::IParser&, char const*&, char const*, String const&, bool, unsigned long, unsigned long, unsigned long) @ 0x000000001aace132
01:18:54    4. DB::executeQueryImpl(char const*, char const*, std::shared_ptr<DB::Context>, DB::QueryFlags, DB::QueryProcessingStage::Enum, std::unique_ptr<DB::ReadBuffer, std::default_delete<DB::ReadBuffer>>&, std::shared_ptr<DB::IAST>&, std::shared_ptr<DB::ImplicitTransactionControlExecutor>) @ 0x0000000018779652
01:18:54    5. DB::executeQuery(String const&, std::shared_ptr<DB::Context>, DB::QueryFlags, DB::QueryProcessingStage::Enum) @ 0x00000000187786cb
01:18:54    6. DB::TCPHandler::runImpl() @ 0x0000000019e2d3db
01:18:54    7. DB::TCPHandler::run() @ 0x0000000019e4f119
01:18:54    8. Poco::Net::TCPServerConnection::start() @ 0x000000001ef4ed07
01:18:54    9. Poco::Net::TCPServerDispatcher::run() @ 0x000000001ef4f199
01:18:54    10. Poco::PooledThread::run() @ 0x000000001ef15b87
01:18:54    11. Poco::ThreadImpl::runnableEntry(void*) @ 0x000000001ef13f81
01:18:54    12. ? @ 0x0000000000094ac3
01:18:54    13. ? @ 0x0000000000125a74
01:18:54  
01:18:54  Database Error in model dim_merchants (models/gold/dim/dim_merchants.sql)
01:18:54    Code: 62.
01:18:54    DB::Exception: Syntax error: failed at position 4771 (end of query) (line 144, col 33): ;
01:18:54              )
01:18:54            . Expected one of: token sequence, Dot, token, OR, AND, IS NOT DISTINCT FROM, IS NULL, IS NOT NULL, BETWEEN, NOT BETWEEN, LIKE, ILIKE, NOT LIKE, NOT ILIKE, REGEXP, IN, NOT IN, GLOBAL IN, GLOBAL NOT IN, MOD, DIV, alias, AS, DESCENDING, DESC, ASCENDING, ASC, NULLS, COLLATE, WITH FILL, Comma, LIMIT, OFFSET, FETCH, SETTINGS, UNION, EXCEPT, INTERSECT. Stack trace:
01:18:54    
01:18:54    0. DB::Exception::Exception(DB::Exception::MessageMasked&&, int, bool) @ 0x00000000137a855f
01:18:54    1. DB::Exception::Exception(String const&, int, String, bool) @ 0x0000000012423c8e
01:18:54    2. DB::Exception::createDeprecated(String const&, int, bool) @ 0x0000000013a54f9f
01:18:54    3. DB::parseQueryAndMovePosition(DB::IParser&, char const*&, char const*, String const&, bool, unsigned long, unsigned long, unsigned long) @ 0x000000001aace132
01:18:54    4. DB::executeQueryImpl(char const*, char const*, std::shared_ptr<DB::Context>, DB::QueryFlags, DB::QueryProcessingStage::Enum, std::unique_ptr<DB::ReadBuffer, std::default_delete<DB::ReadBuffer>>&, std::shared_ptr<DB::IAST>&, std::shared_ptr<DB::ImplicitTransactionControlExecutor>) @ 0x0000000018779652
01:18:54    5. DB::executeQuery(String const&, std::shared_ptr<DB::Context>, DB::QueryFlags, DB::QueryProcessingStage::Enum) @ 0x00000000187786cb
01:18:54    6. DB::TCPHandler::runImpl() @ 0x0000000019e2d3db
01:18:54    7. DB::TCPHandler::run() @ 0x0000000019e4f119
01:18:54    8. Poco::Net::TCPServerConnection::start() @ 0x000000001ef4ed07
01:18:54    9. Poco::Net::TCPServerDispatcher::run() @ 0x000000001ef4f199
01:18:54    10. Poco::PooledThread::run() @ 0x000000001ef15b87
01:18:54    11. Poco::ThreadImpl::runnableEntry(void*) @ 0x000000001ef13f81
01:18:54    12. ? @ 0x0000000000094ac3
01:18:54    13. ? @ 0x0000000000125a74
01:18:54  
01:18:54  Done. PASS=2 WARN=0 ERROR=2 SKIP=0 TOTAL=4
[2025-11-02T01:18:55.509+0000] {logging_mixin.py:188} INFO - ==== DBT STDERR ====
[2025-11-02T01:18:55.511+0000] {taskinstance.py:2698} ERROR - Task failed with exception
Traceback (most recent call last):
  File "/home/airflow/.local/lib/python3.8/site-packages/airflow/models/taskinstance.py", line 433, in _execute_task
    result = execute_callable(context=context, **execute_callable_kwargs)
  File "/home/airflow/.local/lib/python3.8/site-packages/airflow/operators/python.py", line 199, in execute
    return_value = self.execute_callable()
  File "/home/airflow/.local/lib/python3.8/site-packages/airflow/operators/python.py", line 216, in execute_callable
    return self.python_callable(*self.op_args, **self.op_kwargs)
  File "/opt/airflow/dags/gold_dag.py", line 112, in <lambda>
    python_callable=lambda **_: _run_dbt("tag:gold_dim"),
  File "/opt/airflow/dags/gold_dag.py", line 81, in _run_dbt
    raise RuntimeError(
RuntimeError: dbt failed (1).
STDOUT:
01:18:47  Running with dbt=1.5.9
01:18:47  Registered adapter: clickhouse=1.5.2
01:18:47  Unable to do partial parsing because a project config has changed
01:18:51  [WARNING]: Configuration paths exist in your dbt_project.yml file which do not apply to any resources.
There are 1 unused configuration paths:
- models.ck_project.gold.fact
01:18:51  Found 7 models, 17 tests, 0 snapshots, 0 analyses, 349 macros, 0 operations, 0 seed files, 6 sources, 0 exposures, 0 metrics, 0 groups
01:18:51  
01:18:52  Concurrency: 4 threads (target='dev')
01:18:52  
01:18:52  1 of 4 START sql table model default.dim_date .................................. [RUN]
01:18:52  2 of 4 START sql table model default.dim_merchants ............................. [RUN]
01:18:52  3 of 4 START sql table model default.dim_payment_method ........................ [RUN]
01:18:52  4 of 4 START sql table model default.dim_payment_state ......................... [RUN]
01:18:53  1 of 4 ERROR creating sql table model default.dim_date ......................... [ERROR in 0.57s]
01:18:53  2 of 4 ERROR creating sql table model default.dim_merchants .................... [ERROR in 0.71s]
01:18:53  3 of 4 OK created sql table model default.dim_payment_method ................... [OK in 1.21s]
01:18:53  4 of 4 OK created sql table model default.dim_payment_state .................... [OK in 1.21s]
01:18:53  
01:18:53  Finished running 4 table models in 0 hours 0 minutes and 2.10 seconds (2.10s).
01:18:54  
01:18:54  Completed with 2 errors and 0 warnings:
01:18:54  
01:18:54  Database Error in model dim_date (models/gold/dim/dim_date.sql)
01:18:54    Code: 62.
01:18:54    DB::Exception: Syntax error: failed at position 1256 (end of query) (line 46, col 18): ;
01:18:54              )
01:18:54            . Expected one of: token sequence, Dot, token, OR, AND, IS NOT DISTINCT FROM, IS NULL, IS NOT NULL, BETWEEN, NOT BETWEEN, LIKE, ILIKE, NOT LIKE, NOT ILIKE, REGEXP, IN, NOT IN, GLOBAL IN, GLOBAL NOT IN, MOD, DIV, alias, AS, DESCENDING, DESC, ASCENDING, ASC, NULLS, COLLATE, WITH FILL, Comma, LIMIT, OFFSET, FETCH, SETTINGS, UNION, EXCEPT, INTERSECT. Stack trace:
01:18:54    
01:18:54    0. DB::Exception::Exception(DB::Exception::MessageMasked&&, int, bool) @ 0x00000000137a855f
01:18:54    1. DB::Exception::Exception(String const&, int, String, bool) @ 0x0000000012423c8e
01:18:54    2. DB::Exception::createDeprecated(String const&, int, bool) @ 0x0000000013a54f9f
01:18:54    3. DB::parseQueryAndMovePosition(DB::IParser&, char const*&, char const*, String const&, bool, unsigned long, unsigned long, unsigned long) @ 0x000000001aace132
01:18:54    4. DB::executeQueryImpl(char const*, char const*, std::shared_ptr<DB::Context>, DB::QueryFlags, DB::QueryProcessingStage::Enum, std::unique_ptr<DB::ReadBuffer, std::default_delete<DB::ReadBuffer>>&, std::shared_ptr<DB::IAST>&, std::shared_ptr<DB::ImplicitTransactionControlExecutor>) @ 0x0000000018779652
01:18:54    5. DB::executeQuery(String const&, std::shared_ptr<DB::Context>, DB::QueryFlags, DB::QueryProcessingStage::Enum) @ 0x00000000187786cb
01:18:54    6. DB::TCPHandler::runImpl() @ 0x0000000019e2d3db
01:18:54    7. DB::TCPHandler::run() @ 0x0000000019e4f119
01:18:54    8. Poco::Net::TCPServerConnection::start() @ 0x000000001ef4ed07
01:18:54    9. Poco::Net::TCPServerDispatcher::run() @ 0x000000001ef4f199
01:18:54    10. Poco::PooledThread::run() @ 0x000000001ef15b87
01:18:54    11. Poco::ThreadImpl::runnableEntry(void*) @ 0x000000001ef13f81
01:18:54    12. ? @ 0x0000000000094ac3
01:18:54    13. ? @ 0x0000000000125a74
01:18:54  
01:18:54  Database Error in model dim_merchants (models/gold/dim/dim_merchants.sql)
01:18:54    Code: 62.
01:18:54    DB::Exception: Syntax error: failed at position 4771 (end of query) (line 144, col 33): ;
01:18:54              )
01:18:54            . Expected one of: token sequence, Dot, token, OR, AND, IS NOT DISTINCT FROM, IS NULL, IS NOT NULL, BETWEEN, NOT BETWEEN, LIKE, ILIKE, NOT LIKE, NOT ILIKE, REGEXP, IN, NOT IN, GLOBAL IN, GLOBAL NOT IN, MOD, DIV, alias, AS, DESCENDING, DESC, ASCENDING, ASC, NULLS, COLLATE, WITH FILL, Comma, LIMIT, OFFSET, FETCH, SETTINGS, UNION, EXCEPT, INTERSECT. Stack trace:
01:18:54    
01:18:54    0. DB::Exception::Exception(DB::Exception::MessageMasked&&, int, bool) @ 0x00000000137a855f
01:18:54    1. DB::Exception::Exception(String const&, int, String, bool) @ 0x0000000012423c8e
01:18:54    2. DB::Exception::createDeprecated(String const&, int, bool) @ 0x0000000013a54f9f
01:18:54    3. DB::parseQueryAndMovePosition(DB::IParser&, char const*&, char const*, String const&, bool, unsigned long, unsigned long, unsigned long) @ 0x000000001aace132
01:18:54    4. DB::executeQueryImpl(char const*, char const*, std::shared_ptr<DB::Context>, DB::QueryFlags, DB::QueryProcessingStage::Enum, std::unique_ptr<DB::ReadBuffer, std::default_delete<DB::ReadBuffer>>&, std::shared_ptr<DB::IAST>&, std::shared_ptr<DB::ImplicitTransactionControlExecutor>) @ 0x0000000018779652
01:18:54    5. DB::executeQuery(String const&, std::shared_ptr<DB::Context>, DB::QueryFlags, DB::QueryProcessingStage::Enum) @ 0x00000000187786cb
01:18:54    6. DB::TCPHandler::runImpl() @ 0x0000000019e2d3db
01:18:54    7. DB::TCPHandler::run() @ 0x0000000019e4f119
01:18:54    8. Poco::Net::TCPServerConnection::start() @ 0x000000001ef4ed07
01:18:54    9. Poco::Net::TCPServerDispatcher::run() @ 0x000000001ef4f199
01:18:54    10. Poco::PooledThread::run() @ 0x000000001ef15b87
01:18:54    11. Poco::ThreadImpl::runnableEntry(void*) @ 0x000000001ef13f81
01:18:54    12. ? @ 0x0000000000094ac3
01:18:54    13. ? @ 0x0000000000125a74
01:18:54  
01:18:54  Done. PASS=2 WARN=0 ERROR=2 SKIP=0 TOTAL=4


STDERR:

[2025-11-02T01:18:55.554+0000] {taskinstance.py:1138} INFO - Marking task as UP_FOR_RETRY. dag_id=gold_dimensions_pipeline, task_id=dbt_gold_dims, execution_date=20251102T011105, start_date=20251102T011840, end_date=20251102T011855
[2025-11-02T01:18:55.594+0000] {standard_task_runner.py:107} ERROR - Failed to execute job 449 for task dbt_gold_dims (dbt failed (1).
STDOUT:
01:18:47  Running with dbt=1.5.9
01:18:47  Registered adapter: clickhouse=1.5.2
01:18:47  Unable to do partial parsing because a project config has changed
01:18:51  [WARNING]: Configuration paths exist in your dbt_project.yml file which do not apply to any resources.
There are 1 unused configuration paths:
- models.ck_project.gold.fact
01:18:51  Found 7 models, 17 tests, 0 snapshots, 0 analyses, 349 macros, 0 operations, 0 seed files, 6 sources, 0 exposures, 0 metrics, 0 groups
01:18:51  
01:18:52  Concurrency: 4 threads (target='dev')
01:18:52  
01:18:52  1 of 4 START sql table model default.dim_date .................................. [RUN]
01:18:52  2 of 4 START sql table model default.dim_merchants ............................. [RUN]
01:18:52  3 of 4 START sql table model default.dim_payment_method ........................ [RUN]
01:18:52  4 of 4 START sql table model default.dim_payment_state ......................... [RUN]
01:18:53  1 of 4 ERROR creating sql table model default.dim_date ......................... [ERROR in 0.57s]
01:18:53  2 of 4 ERROR creating sql table model default.dim_merchants .................... [ERROR in 0.71s]
01:18:53  3 of 4 OK created sql table model default.dim_payment_method ................... [OK in 1.21s]
01:18:53  4 of 4 OK created sql table model default.dim_payment_state .................... [OK in 1.21s]
01:18:53  
01:18:53  Finished running 4 table models in 0 hours 0 minutes and 2.10 seconds (2.10s).
01:18:54  
01:18:54  Completed with 2 errors and 0 warnings:
01:18:54  
01:18:54  Database Error in model dim_date (models/gold/dim/dim_date.sql)
01:18:54    Code: 62.
01:18:54    DB::Exception: Syntax error: failed at position 1256 (end of query) (line 46, col 18): ;
01:18:54              )
01:18:54            . Expected one of: token sequence, Dot, token, OR, AND, IS NOT DISTINCT FROM, IS NULL, IS NOT NULL, BETWEEN, NOT BETWEEN, LIKE, ILIKE, NOT LIKE, NOT ILIKE, REGEXP, IN, NOT IN, GLOBAL IN, GLOBAL NOT IN, MOD, DIV, alias, AS, DESCENDING, DESC, ASCENDING, ASC, NULLS, COLLATE, WITH FILL, Comma, LIMIT, OFFSET, FETCH, SETTINGS, UNION, EXCEPT, INTERSECT. Stack trace:
01:18:54    
01:18:54    0. DB::Exception::Exception(DB::Exception::MessageMasked&&, int, bool) @ 0x00000000137a855f
01:18:54    1. DB::Exception::Exception(String const&, int, String, bool) @ 0x0000000012423c8e
01:18:54    2. DB::Exception::createDeprecated(String const&, int, bool) @ 0x0000000013a54f9f
01:18:54    3. DB::parseQueryAndMovePosition(DB::IParser&, char const*&, char const*, String const&, bool, unsigned long, unsigned long, unsigned long) @ 0x000000001aace132
01:18:54    4. DB::executeQueryImpl(char const*, char const*, std::shared_ptr<DB::Context>, DB::QueryFlags, DB::QueryProcessingStage::Enum, std::unique_ptr<DB::ReadBuffer, std::default_delete<DB::ReadBuffer>>&, std::shared_ptr<DB::IAST>&, std::shared_ptr<DB::ImplicitTransactionControlExecutor>) @ 0x0000000018779652
01:18:54    5. DB::executeQuery(String const&, std::shared_ptr<DB::Context>, DB::QueryFlags, DB::QueryProcessingStage::Enum) @ 0x00000000187786cb
01:18:54    6. DB::TCPHandler::runImpl() @ 0x0000000019e2d3db
01:18:54    7. DB::TCPHandler::run() @ 0x0000000019e4f119
01:18:54    8. Poco::Net::TCPServerConnection::start() @ 0x000000001ef4ed07
01:18:54    9. Poco::Net::TCPServerDispatcher::run() @ 0x000000001ef4f199
01:18:54    10. Poco::PooledThread::run() @ 0x000000001ef15b87
01:18:54    11. Poco::ThreadImpl::runnableEntry(void*) @ 0x000000001ef13f81
01:18:54    12. ? @ 0x0000000000094ac3
01:18:54    13. ? @ 0x0000000000125a74
01:18:54  
01:18:54  Database Error in model dim_merchants (models/gold/dim/dim_merchants.sql)
01:18:54    Code: 62.
01:18:54    DB::Exception: Syntax error: failed at position 4771 (end of query) (line 144, col 33): ;
01:18:54              )
01:18:54            . Expected one of: token sequence, Dot, token, OR, AND, IS NOT DISTINCT FROM, IS NULL, IS NOT NULL, BETWEEN, NOT BETWEEN, LIKE, ILIKE, NOT LIKE, NOT ILIKE, REGEXP, IN, NOT IN, GLOBAL IN, GLOBAL NOT IN, MOD, DIV, alias, AS, DESCENDING, DESC, ASCENDING, ASC, NULLS, COLLATE, WITH FILL, Comma, LIMIT, OFFSET, FETCH, SETTINGS, UNION, EXCEPT, INTERSECT. Stack trace:
01:18:54    
01:18:54    0. DB::Exception::Exception(DB::Exception::MessageMasked&&, int, bool) @ 0x00000000137a855f
01:18:54    1. DB::Exception::Exception(String const&, int, String, bool) @ 0x0000000012423c8e
01:18:54    2. DB::Exception::createDeprecated(String const&, int, bool) @ 0x0000000013a54f9f
01:18:54    3. DB::parseQueryAndMovePosition(DB::IParser&, char const*&, char const*, String const&, bool, unsigned long, unsigned long, unsigned long) @ 0x000000001aace132
01:18:54    4. DB::executeQueryImpl(char const*, char const*, std::shared_ptr<DB::Context>, DB::QueryFlags, DB::QueryProcessingStage::Enum, std::unique_ptr<DB::ReadBuffer, std::default_delete<DB::ReadBuffer>>&, std::shared_ptr<DB::IAST>&, std::shared_ptr<DB::ImplicitTransactionControlExecutor>) @ 0x0000000018779652
01:18:54    5. DB::executeQuery(String const&, std::shared_ptr<DB::Context>, DB::QueryFlags, DB::QueryProcessingStage::Enum) @ 0x00000000187786cb
01:18:54    6. DB::TCPHandler::runImpl() @ 0x0000000019e2d3db
01:18:54    7. DB::TCPHandler::run() @ 0x0000000019e4f119
01:18:54    8. Poco::Net::TCPServerConnection::start() @ 0x000000001ef4ed07
01:18:54    9. Poco::Net::TCPServerDispatcher::run() @ 0x000000001ef4f199
01:18:54    10. Poco::PooledThread::run() @ 0x000000001ef15b87
01:18:54    11. Poco::ThreadImpl::runnableEntry(void*) @ 0x000000001ef13f81
01:18:54    12. ? @ 0x0000000000094ac3
01:18:54    13. ? @ 0x0000000000125a74
01:18:54  
01:18:54  Done. PASS=2 WARN=0 ERROR=2 SKIP=0 TOTAL=4


STDERR:
; 19567)
[2025-11-02T01:18:55.621+0000] {local_task_job_runner.py:234} INFO - Task exited with return code 1
[2025-11-02T01:18:55.672+0000] {taskinstance.py:3280} INFO - 0 downstream tasks scheduled from follow-on schedule check
