[2025-11-26T19:22:59.438+0000] {taskinstance.py:1956} INFO - Dependencies all met for dep_context=non-requeueable deps ti=<TaskInstance: ingestion_pipeline.load_payments_bronze scheduled__2025-11-20T00:00:00+00:00 [queued]>
[2025-11-26T19:22:59.618+0000] {taskinstance.py:1956} INFO - Dependencies all met for dep_context=requeueable deps ti=<TaskInstance: ingestion_pipeline.load_payments_bronze scheduled__2025-11-20T00:00:00+00:00 [queued]>
[2025-11-26T19:22:59.636+0000] {taskinstance.py:2170} INFO - Starting attempt 1 of 2
[2025-11-26T19:23:00.136+0000] {taskinstance.py:2191} INFO - Executing <Task(PythonOperator): load_payments_bronze> on 2025-11-20 00:00:00+00:00
[2025-11-26T19:23:00.188+0000] {standard_task_runner.py:60} INFO - Started process 469 to run task
[2025-11-26T19:23:00.220+0000] {standard_task_runner.py:87} INFO - Running: ['***', 'tasks', 'run', 'ingestion_pipeline', 'load_payments_bronze', 'scheduled__2025-11-20T00:00:00+00:00', '--job-id', '569', '--raw', '--subdir', 'DAGS_FOLDER/ingestion_dag.py', '--cfg-path', '/tmp/tmpu4sbgbg0']
[2025-11-26T19:23:00.238+0000] {standard_task_runner.py:88} INFO - Job 569: Subtask load_payments_bronze
[2025-11-26T19:23:00.716+0000] {task_command.py:423} INFO - Running <TaskInstance: ingestion_pipeline.load_payments_bronze scheduled__2025-11-20T00:00:00+00:00 [running]> on host 0d39d4365eb9
[2025-11-26T19:23:01.215+0000] {taskinstance.py:2480} INFO - Exporting env vars: AIRFLOW_CTX_DAG_OWNER='***' AIRFLOW_CTX_DAG_ID='ingestion_pipeline' AIRFLOW_CTX_TASK_ID='load_payments_bronze' AIRFLOW_CTX_EXECUTION_DATE='2025-11-20T00:00:00+00:00' AIRFLOW_CTX_TRY_NUMBER='1' AIRFLOW_CTX_DAG_RUN_ID='scheduled__2025-11-20T00:00:00+00:00'
[2025-11-26T19:23:02.749+0000] {local_task_job_runner.py:121} ERROR - Received SIGTERM. Terminating subprocesses
[2025-11-26T19:23:02.935+0000] {process_utils.py:131} INFO - Sending 15 to group 469. PIDs of all processes in the group: [469]
[2025-11-26T19:23:02.978+0000] {process_utils.py:86} INFO - Sending the signal 15 to group 469
[2025-11-26T19:23:03.011+0000] {taskinstance.py:2450} ERROR - Received SIGTERM. Terminating subprocesses.
[2025-11-26T19:23:03.259+0000] {taskinstance.py:2698} ERROR - Task failed with exception
Traceback (most recent call last):
  File "/home/airflow/.local/lib/python3.8/site-packages/airflow/models/taskinstance.py", line 433, in _execute_task
    result = execute_callable(context=context, **execute_callable_kwargs)
  File "/home/airflow/.local/lib/python3.8/site-packages/airflow/operators/python.py", line 199, in execute
    return_value = self.execute_callable()
  File "/home/airflow/.local/lib/python3.8/site-packages/airflow/operators/python.py", line 216, in execute_callable
    return self.python_callable(*self.op_args, **self.op_kwargs)
  File "/opt/airflow/dags/pipelines/payments_to_clickhouse.py", line 63, in _callable
    import pandas as pd
  File "/home/airflow/.local/lib/python3.8/site-packages/pandas/__init__.py", line 48, in <module>
    from pandas.core.api import (
  File "/home/airflow/.local/lib/python3.8/site-packages/pandas/core/api.py", line 27, in <module>
    from pandas.core.arrays import Categorical
  File "/home/airflow/.local/lib/python3.8/site-packages/pandas/core/arrays/__init__.py", line 1, in <module>
    from pandas.core.arrays.arrow import ArrowExtensionArray
  File "/home/airflow/.local/lib/python3.8/site-packages/pandas/core/arrays/arrow/__init__.py", line 1, in <module>
    from pandas.core.arrays.arrow.array import ArrowExtensionArray
  File "/home/airflow/.local/lib/python3.8/site-packages/pandas/core/arrays/arrow/array.py", line 77, in <module>
    import pyarrow.compute as pc
  File "/home/airflow/.local/lib/python3.8/site-packages/pyarrow/compute.py", line 335, in <module>
    _make_global_functions()
  File "/home/airflow/.local/lib/python3.8/site-packages/pyarrow/compute.py", line 332, in _make_global_functions
    g[cpp_name] = g[name] = _wrap_function(name, func)
  File "/home/airflow/.local/lib/python3.8/site-packages/pyarrow/compute.py", line 303, in _wrap_function
    return _decorate_compute_function(wrapper, name, func, options_class)
  File "/home/airflow/.local/lib/python3.8/site-packages/pyarrow/compute.py", line 185, in _decorate_compute_function
    doc_pieces.append(dedent(f"""\
  File "/usr/local/lib/python3.8/textwrap.py", line 431, in dedent
    indents = _leading_whitespace_re.findall(text)
  File "/home/airflow/.local/lib/python3.8/site-packages/airflow/models/taskinstance.py", line 2452, in signal_handler
    raise AirflowException("Task received SIGTERM signal")
airflow.exceptions.AirflowException: Task received SIGTERM signal
[2025-11-26T19:23:03.392+0000] {taskinstance.py:1138} INFO - Marking task as UP_FOR_RETRY. dag_id=ingestion_pipeline, task_id=load_payments_bronze, execution_date=20251120T000000, start_date=20251126T192259, end_date=20251126T192303
[2025-11-26T19:23:03.511+0000] {standard_task_runner.py:107} ERROR - Failed to execute job 569 for task load_payments_bronze (Task received SIGTERM signal; 469)
[2025-11-26T19:23:03.959+0000] {process_utils.py:79} INFO - Process psutil.Process(pid=469, status='terminated', exitcode=1, started='19:22:59') (469) terminated with exit code 1
[2025-11-26T19:23:03.967+0000] {local_task_job_runner.py:234} INFO - Task exited with return code 143
[2025-11-26T19:23:04.224+0000] {taskinstance.py:3280} INFO - 0 downstream tasks scheduled from follow-on schedule check
