[2025-10-31T18:54:25.374+0000] {taskinstance.py:1956} INFO - Dependencies all met for dep_context=non-requeueable deps ti=<TaskInstance: silver_transformation_pipeline.dbt_run_merchants scheduled__2025-10-30T00:00:00+00:00 [queued]>
[2025-10-31T18:54:25.388+0000] {taskinstance.py:1956} INFO - Dependencies all met for dep_context=requeueable deps ti=<TaskInstance: silver_transformation_pipeline.dbt_run_merchants scheduled__2025-10-30T00:00:00+00:00 [queued]>
[2025-10-31T18:54:25.389+0000] {taskinstance.py:2170} INFO - Starting attempt 1 of 2
[2025-10-31T18:54:25.407+0000] {taskinstance.py:2191} INFO - Executing <Task(BashOperator): dbt_run_merchants> on 2025-10-30 00:00:00+00:00
[2025-10-31T18:54:25.412+0000] {standard_task_runner.py:60} INFO - Started process 971 to run task
[2025-10-31T18:54:25.416+0000] {standard_task_runner.py:87} INFO - Running: ['***', 'tasks', 'run', 'silver_transformation_pipeline', 'dbt_run_merchants', 'scheduled__2025-10-30T00:00:00+00:00', '--job-id', '30', '--raw', '--subdir', 'DAGS_FOLDER/silver_dag.py', '--cfg-path', '/tmp/tmp7ao3tzob']
[2025-10-31T18:54:25.419+0000] {standard_task_runner.py:88} INFO - Job 30: Subtask dbt_run_merchants
[2025-10-31T18:54:25.525+0000] {task_command.py:423} INFO - Running <TaskInstance: silver_transformation_pipeline.dbt_run_merchants scheduled__2025-10-30T00:00:00+00:00 [running]> on host 516a89ff7ea8
[2025-10-31T18:54:25.652+0000] {taskinstance.py:2480} INFO - Exporting env vars: AIRFLOW_CTX_DAG_OWNER='***' AIRFLOW_CTX_DAG_ID='silver_transformation_pipeline' AIRFLOW_CTX_TASK_ID='dbt_run_merchants' AIRFLOW_CTX_EXECUTION_DATE='2025-10-30T00:00:00+00:00' AIRFLOW_CTX_TRY_NUMBER='1' AIRFLOW_CTX_DAG_RUN_ID='scheduled__2025-10-30T00:00:00+00:00'
[2025-10-31T18:54:25.654+0000] {subprocess.py:63} INFO - Tmp dir root location: /tmp
[2025-10-31T18:54:25.655+0000] {subprocess.py:75} INFO - Running command: ['/usr/bin/bash', '-c', "docker exec -i dbt bash -lc 'cd /dbt && dbt --no-use-colors run --profiles-dir /dbt --select silver_merchants --full-refresh'"]
[2025-10-31T18:54:25.672+0000] {subprocess.py:86} INFO - Output:
[2025-10-31T18:54:27.441+0000] {subprocess.py:93} INFO - 18:54:27  Running with dbt=1.10.13
[2025-10-31T18:54:27.692+0000] {subprocess.py:93} INFO - 18:54:27  Registered adapter: clickhouse=1.9.5
[2025-10-31T18:54:27.853+0000] {subprocess.py:93} INFO - 18:54:27  Unable to do partial parsing because config vars, config profile, or config target have changed
[2025-10-31T18:54:29.423+0000] {subprocess.py:93} INFO - 18:54:29  Found 3 models, 3 sources, 488 macros
[2025-10-31T18:54:29.427+0000] {subprocess.py:93} INFO - 18:54:29
[2025-10-31T18:54:29.428+0000] {subprocess.py:93} INFO - 18:54:29  Concurrency: 4 threads (target='dev')
[2025-10-31T18:54:29.430+0000] {subprocess.py:93} INFO - 18:54:29
[2025-10-31T18:54:29.720+0000] {subprocess.py:93} INFO - 18:54:29  1 of 1 START sql table model `silver`.`silver_merchants` ....................... [RUN]
[2025-10-31T18:54:29.824+0000] {subprocess.py:93} INFO - 18:54:29  1 of 1 ERROR creating sql table model `silver`.`silver_merchants` .............. [ERROR in 0.10s]
[2025-10-31T18:54:29.835+0000] {subprocess.py:93} INFO - 18:54:29
[2025-10-31T18:54:29.836+0000] {subprocess.py:93} INFO - 18:54:29  Finished running 1 table model in 0 hours 0 minutes and 0.40 seconds (0.40s).
[2025-10-31T18:54:29.987+0000] {subprocess.py:93} INFO - 18:54:29
[2025-10-31T18:54:29.989+0000] {subprocess.py:93} INFO - 18:54:29  Completed with 1 error, 0 partial successes, and 0 warnings:
[2025-10-31T18:54:29.990+0000] {subprocess.py:93} INFO - 18:54:29
[2025-10-31T18:54:29.992+0000] {subprocess.py:93} INFO - 18:54:29  Failure in model silver_merchants (models/silver/silver_merchants.sql)
[2025-10-31T18:54:29.994+0000] {subprocess.py:93} INFO - 18:54:29    Database Error in model silver_merchants (models/silver/silver_merchants.sql)
[2025-10-31T18:54:29.994+0000] {subprocess.py:93} INFO -   Code: 62.
[2025-10-31T18:54:29.995+0000] {subprocess.py:93} INFO -   DB::Exception: Syntax error: failed at position 1187 (end of query) (line 42, col 30): ;
[2025-10-31T18:54:29.996+0000] {subprocess.py:93} INFO -             )
[2025-10-31T18:54:29.996+0000] {subprocess.py:93} INFO - 
[2025-10-31T18:54:29.997+0000] {subprocess.py:93} INFO -           . Expected one of: OR, AND, IS NOT DISTINCT FROM, IS NULL, IS NOT NULL, BETWEEN, NOT BETWEEN, LIKE, ILIKE, NOT LIKE, NOT ILIKE, REGEXP, IN, NOT IN, GLOBAL IN, GLOBAL NOT IN, MOD, DIV, alias, AS, GROUP BY, WITH, HAVING, WINDOW, QUALIFY, ORDER BY, LIMIT, OFFSET, FETCH, SETTINGS, UNION, EXCEPT, INTERSECT. Stack trace:
[2025-10-31T18:54:29.997+0000] {subprocess.py:93} INFO - 
[2025-10-31T18:54:29.997+0000] {subprocess.py:93} INFO -   0. DB::Exception::Exception(DB::Exception::MessageMasked&&, int, bool) @ 0x00000000137a855f
[2025-10-31T18:54:29.998+0000] {subprocess.py:93} INFO -   1. DB::Exception::Exception(String const&, int, String, bool) @ 0x0000000012423c8e
[2025-10-31T18:54:29.998+0000] {subprocess.py:93} INFO -   2. DB::Exception::createDeprecated(String const&, int, bool) @ 0x0000000013a54f9f
[2025-10-31T18:54:29.999+0000] {subprocess.py:93} INFO -   3. DB::parseQueryAndMovePosition(DB::IParser&, char const*&, char const*, String const&, bool, unsigned long, unsigned long, unsigned long) @ 0x000000001aace132
[2025-10-31T18:54:29.999+0000] {subprocess.py:93} INFO -   4. DB::executeQueryImpl(char const*, char const*, std::shared_ptr<DB::Context>, DB::QueryFlags, DB::QueryProcessingStage::Enum, std::unique_ptr<DB::ReadBuffer, std::default_delete<DB::ReadBuffer>>&, std::shared_ptr<DB::IAST>&, std::shared_ptr<DB::ImplicitTransactionControlExecutor>) @ 0x0000000018779652
[2025-10-31T18:54:30.003+0000] {subprocess.py:93} INFO -   5. DB::executeQuery(String const&, std::shared_ptr<DB::Context>, DB::QueryFlags, DB::QueryProcessingStage::Enum) @ 0x00000000187786cb
[2025-10-31T18:54:30.003+0000] {subprocess.py:93} INFO -   6. DB::TCPHandler::runImpl() @ 0x0000000019e2d3db
[2025-10-31T18:54:30.004+0000] {subprocess.py:93} INFO -   7. DB::TCPHandler::run() @ 0x0000000019e4f119
[2025-10-31T18:54:30.004+0000] {subprocess.py:93} INFO -   8. Poco::Net::TCPServerConnection::start() @ 0x000000001ef4ed07
[2025-10-31T18:54:30.005+0000] {subprocess.py:93} INFO -   9. Poco::Net::TCPServerDispatcher::run() @ 0x000000001ef4f199
[2025-10-31T18:54:30.005+0000] {subprocess.py:93} INFO -   10. Poco::PooledThread::run() @ 0x000000001ef15b87
[2025-10-31T18:54:30.006+0000] {subprocess.py:93} INFO -   11. Poco::ThreadImpl::runnableEntry(void*) @ 0x000000001ef13f81
[2025-10-31T18:54:30.006+0000] {subprocess.py:93} INFO -   12. ? @ 0x0000000000094ac3
[2025-10-31T18:54:30.007+0000] {subprocess.py:93} INFO -   13. ? @ 0x0000000000125a74
[2025-10-31T18:54:30.007+0000] {subprocess.py:93} INFO - 18:54:29
[2025-10-31T18:54:30.007+0000] {subprocess.py:93} INFO - 18:54:29    compiled code at target/compiled/ck_project/models/silver/silver_merchants.sql
[2025-10-31T18:54:30.008+0000] {subprocess.py:93} INFO - 18:54:29
[2025-10-31T18:54:30.008+0000] {subprocess.py:93} INFO - 18:54:29  Done. PASS=0 WARN=0 ERROR=1 SKIP=0 NO-OP=0 TOTAL=1
[2025-10-31T18:54:30.974+0000] {subprocess.py:97} INFO - Command exited with return code 1
[2025-10-31T18:54:30.992+0000] {taskinstance.py:2698} ERROR - Task failed with exception
Traceback (most recent call last):
  File "/home/airflow/.local/lib/python3.8/site-packages/airflow/models/taskinstance.py", line 433, in _execute_task
    result = execute_callable(context=context, **execute_callable_kwargs)
  File "/home/airflow/.local/lib/python3.8/site-packages/airflow/operators/bash.py", line 212, in execute
    raise AirflowException(
airflow.exceptions.AirflowException: Bash command failed. The command returned a non-zero exit code 1.
[2025-10-31T18:54:30.995+0000] {taskinstance.py:1138} INFO - Marking task as UP_FOR_RETRY. dag_id=silver_transformation_pipeline, task_id=dbt_run_merchants, execution_date=20251030T000000, start_date=20251031T185425, end_date=20251031T185430
[2025-10-31T18:54:31.015+0000] {standard_task_runner.py:107} ERROR - Failed to execute job 30 for task dbt_run_merchants (Bash command failed. The command returned a non-zero exit code 1.; 971)
[2025-10-31T18:54:31.029+0000] {local_task_job_runner.py:234} INFO - Task exited with return code 1
[2025-10-31T18:54:31.057+0000] {taskinstance.py:3280} INFO - 0 downstream tasks scheduled from follow-on schedule check
[2025-11-01T11:41:28.610+0000] {taskinstance.py:1956} INFO - Dependencies all met for dep_context=non-requeueable deps ti=<TaskInstance: silver_transformation_pipeline.dbt_run_merchants scheduled__2025-10-30T00:00:00+00:00 [queued]>
[2025-11-01T11:41:28.624+0000] {taskinstance.py:1956} INFO - Dependencies all met for dep_context=requeueable deps ti=<TaskInstance: silver_transformation_pipeline.dbt_run_merchants scheduled__2025-10-30T00:00:00+00:00 [queued]>
[2025-11-01T11:41:28.625+0000] {taskinstance.py:2170} INFO - Starting attempt 1 of 2
[2025-11-01T11:41:28.657+0000] {taskinstance.py:2191} INFO - Executing <Task(BashOperator): dbt_run_merchants> on 2025-10-30 00:00:00+00:00
[2025-11-01T11:41:28.666+0000] {standard_task_runner.py:60} INFO - Started process 681 to run task
[2025-11-01T11:41:28.673+0000] {standard_task_runner.py:87} INFO - Running: ['***', 'tasks', 'run', 'silver_transformation_pipeline', 'dbt_run_merchants', 'scheduled__2025-10-30T00:00:00+00:00', '--job-id', '30', '--raw', '--subdir', 'DAGS_FOLDER/silver_dag.py', '--cfg-path', '/tmp/tmpuw710gse']
[2025-11-01T11:41:28.679+0000] {standard_task_runner.py:88} INFO - Job 30: Subtask dbt_run_merchants
[2025-11-01T11:41:28.837+0000] {task_command.py:423} INFO - Running <TaskInstance: silver_transformation_pipeline.dbt_run_merchants scheduled__2025-10-30T00:00:00+00:00 [running]> on host 6ac9b46937d1
[2025-11-01T11:41:29.085+0000] {taskinstance.py:2480} INFO - Exporting env vars: AIRFLOW_CTX_DAG_OWNER='***' AIRFLOW_CTX_DAG_ID='silver_transformation_pipeline' AIRFLOW_CTX_TASK_ID='dbt_run_merchants' AIRFLOW_CTX_EXECUTION_DATE='2025-10-30T00:00:00+00:00' AIRFLOW_CTX_TRY_NUMBER='1' AIRFLOW_CTX_DAG_RUN_ID='scheduled__2025-10-30T00:00:00+00:00'
[2025-11-01T11:41:29.091+0000] {subprocess.py:63} INFO - Tmp dir root location: /tmp
[2025-11-01T11:41:29.093+0000] {subprocess.py:75} INFO - Running command: ['/usr/bin/bash', '-c', "docker exec -i dbt bash -lc 'cd /dbt && dbt --no-use-colors run --profiles-dir /dbt --select silver_merchants --full-refresh'"]
[2025-11-01T11:41:29.117+0000] {subprocess.py:86} INFO - Output:
[2025-11-01T11:41:32.623+0000] {subprocess.py:93} INFO - 11:41:32  Running with dbt=1.10.13
[2025-11-01T11:41:33.156+0000] {subprocess.py:93} INFO - 11:41:33  Registered adapter: clickhouse=1.9.5
[2025-11-01T11:41:34.151+0000] {subprocess.py:93} INFO - 11:41:34  Found 3 models, 3 sources, 491 macros
[2025-11-01T11:41:34.158+0000] {subprocess.py:93} INFO - 11:41:34
[2025-11-01T11:41:34.161+0000] {subprocess.py:93} INFO - 11:41:34  Concurrency: 4 threads (target='dev')
[2025-11-01T11:41:34.163+0000] {subprocess.py:93} INFO - 11:41:34
[2025-11-01T11:41:34.723+0000] {subprocess.py:93} INFO - 11:41:34  1 of 1 START sql table model `silver`.`silver_merchants` ....................... [RUN]
[2025-11-01T11:41:34.936+0000] {subprocess.py:93} INFO - 11:41:34  1 of 1 ERROR creating sql table model `silver`.`silver_merchants` .............. [ERROR in 0.21s]
[2025-11-01T11:41:34.955+0000] {subprocess.py:93} INFO - 11:41:34
[2025-11-01T11:41:34.958+0000] {subprocess.py:93} INFO - 11:41:34  Finished running 1 table model in 0 hours 0 minutes and 0.79 seconds (0.79s).
[2025-11-01T11:41:35.141+0000] {subprocess.py:93} INFO - 11:41:35
[2025-11-01T11:41:35.142+0000] {subprocess.py:93} INFO - 11:41:35  Completed with 1 error, 0 partial successes, and 0 warnings:
[2025-11-01T11:41:35.143+0000] {subprocess.py:93} INFO - 11:41:35
[2025-11-01T11:41:35.147+0000] {subprocess.py:93} INFO - 11:41:35  Failure in model silver_merchants (models/silver/silver_merchants.sql)
[2025-11-01T11:41:35.151+0000] {subprocess.py:93} INFO - 11:41:35    Compilation Error in model silver_merchants (models/silver/silver_merchants.sql)
[2025-11-01T11:41:35.152+0000] {subprocess.py:93} INFO -   macro 'dbt_macro__clickhouse__create_table_as' takes not more than 2 argument(s)
[2025-11-01T11:41:35.153+0000] {subprocess.py:93} INFO - 
[2025-11-01T11:41:35.154+0000] {subprocess.py:93} INFO -   > in macro create_table_as (macros/relations/table/create.sql)
[2025-11-01T11:41:35.157+0000] {subprocess.py:93} INFO -   > called by macro default__get_create_table_as_sql (macros/relations/table/create.sql)
[2025-11-01T11:41:35.159+0000] {subprocess.py:93} INFO -   > called by macro get_create_table_as_sql (macros/relations/table/create.sql)
[2025-11-01T11:41:35.161+0000] {subprocess.py:93} INFO -   > called by macro statement (macros/etc/statement.sql)
[2025-11-01T11:41:35.162+0000] {subprocess.py:93} INFO -   > called by macro materialization_table_clickhouse (macros/materializations/table.sql)
[2025-11-01T11:41:35.163+0000] {subprocess.py:93} INFO -   > called by model silver_merchants (models/silver/silver_merchants.sql)
[2025-11-01T11:41:35.164+0000] {subprocess.py:93} INFO - 11:41:35
[2025-11-01T11:41:35.165+0000] {subprocess.py:93} INFO - 11:41:35    compiled code at target/compiled/ck_project/models/silver/silver_merchants.sql
[2025-11-01T11:41:35.166+0000] {subprocess.py:93} INFO - 11:41:35
[2025-11-01T11:41:35.167+0000] {subprocess.py:93} INFO - 11:41:35  Done. PASS=0 WARN=0 ERROR=1 SKIP=0 NO-OP=0 TOTAL=1
[2025-11-01T11:41:36.347+0000] {subprocess.py:97} INFO - Command exited with return code 1
[2025-11-01T11:41:36.376+0000] {taskinstance.py:2698} ERROR - Task failed with exception
Traceback (most recent call last):
  File "/home/airflow/.local/lib/python3.8/site-packages/airflow/models/taskinstance.py", line 433, in _execute_task
    result = execute_callable(context=context, **execute_callable_kwargs)
  File "/home/airflow/.local/lib/python3.8/site-packages/airflow/operators/bash.py", line 212, in execute
    raise AirflowException(
airflow.exceptions.AirflowException: Bash command failed. The command returned a non-zero exit code 1.
[2025-11-01T11:41:36.382+0000] {taskinstance.py:1138} INFO - Marking task as UP_FOR_RETRY. dag_id=silver_transformation_pipeline, task_id=dbt_run_merchants, execution_date=20251030T000000, start_date=20251101T114128, end_date=20251101T114136
[2025-11-01T11:41:36.490+0000] {standard_task_runner.py:107} ERROR - Failed to execute job 30 for task dbt_run_merchants (Bash command failed. The command returned a non-zero exit code 1.; 681)
[2025-11-01T11:41:36.552+0000] {local_task_job_runner.py:234} INFO - Task exited with return code 1
[2025-11-01T11:41:36.601+0000] {taskinstance.py:3280} INFO - 0 downstream tasks scheduled from follow-on schedule check
[2025-11-01T14:11:23.523+0000] {taskinstance.py:1956} INFO - Dependencies all met for dep_context=non-requeueable deps ti=<TaskInstance: silver_transformation_pipeline.dbt_run_merchants scheduled__2025-10-30T00:00:00+00:00 [queued]>
[2025-11-01T14:11:23.535+0000] {taskinstance.py:1956} INFO - Dependencies all met for dep_context=requeueable deps ti=<TaskInstance: silver_transformation_pipeline.dbt_run_merchants scheduled__2025-10-30T00:00:00+00:00 [queued]>
[2025-11-01T14:11:23.537+0000] {taskinstance.py:2170} INFO - Starting attempt 1 of 2
[2025-11-01T14:11:23.551+0000] {taskinstance.py:2191} INFO - Executing <Task(BashOperator): dbt_run_merchants> on 2025-10-30 00:00:00+00:00
[2025-11-01T14:11:23.559+0000] {standard_task_runner.py:60} INFO - Started process 366 to run task
[2025-11-01T14:11:23.564+0000] {standard_task_runner.py:87} INFO - Running: ['***', 'tasks', 'run', 'silver_transformation_pipeline', 'dbt_run_merchants', 'scheduled__2025-10-30T00:00:00+00:00', '--job-id', '17', '--raw', '--subdir', 'DAGS_FOLDER/silver_dag.py', '--cfg-path', '/tmp/tmpf5i2_9gx']
[2025-11-01T14:11:23.567+0000] {standard_task_runner.py:88} INFO - Job 17: Subtask dbt_run_merchants
[2025-11-01T14:11:23.656+0000] {task_command.py:423} INFO - Running <TaskInstance: silver_transformation_pipeline.dbt_run_merchants scheduled__2025-10-30T00:00:00+00:00 [running]> on host b977057f5fed
[2025-11-01T14:11:23.758+0000] {taskinstance.py:2480} INFO - Exporting env vars: AIRFLOW_CTX_DAG_OWNER='***' AIRFLOW_CTX_DAG_ID='silver_transformation_pipeline' AIRFLOW_CTX_TASK_ID='dbt_run_merchants' AIRFLOW_CTX_EXECUTION_DATE='2025-10-30T00:00:00+00:00' AIRFLOW_CTX_TRY_NUMBER='1' AIRFLOW_CTX_DAG_RUN_ID='scheduled__2025-10-30T00:00:00+00:00'
[2025-11-01T14:11:23.760+0000] {subprocess.py:63} INFO - Tmp dir root location: /tmp
[2025-11-01T14:11:23.761+0000] {subprocess.py:75} INFO - Running command: ['/usr/bin/bash', '-c', 'dbt --no-use-colors run --project-dir /opt/***/dbt_project --profiles-dir /opt/***/dbt_project --select silver_merchants --full-refresh']
[2025-11-01T14:11:23.774+0000] {subprocess.py:86} INFO - Output:
[2025-11-01T14:11:25.488+0000] {subprocess.py:93} INFO - 14:11:25  Running with dbt=1.8.6
[2025-11-01T14:11:25.510+0000] {subprocess.py:93} INFO - 14:11:25  Encountered an error:
[2025-11-01T14:11:25.511+0000] {subprocess.py:93} INFO - 'type' object is not subscriptable
[2025-11-01T14:11:25.512+0000] {subprocess.py:93} INFO - 14:11:25  Traceback (most recent call last):
[2025-11-01T14:11:25.513+0000] {subprocess.py:93} INFO -   File "/home/***/.local/lib/python3.8/site-packages/dbt/cli/requires.py", line 138, in wrapper
[2025-11-01T14:11:25.513+0000] {subprocess.py:93} INFO -     result, success = func(*args, **kwargs)
[2025-11-01T14:11:25.513+0000] {subprocess.py:93} INFO -   File "/home/***/.local/lib/python3.8/site-packages/dbt/cli/requires.py", line 101, in wrapper
[2025-11-01T14:11:25.514+0000] {subprocess.py:93} INFO -     return func(*args, **kwargs)
[2025-11-01T14:11:25.514+0000] {subprocess.py:93} INFO -   File "/home/***/.local/lib/python3.8/site-packages/dbt/cli/requires.py", line 215, in wrapper
[2025-11-01T14:11:25.514+0000] {subprocess.py:93} INFO -     profile = load_profile(flags.PROJECT_DIR, flags.VARS, flags.PROFILE, flags.TARGET, threads)
[2025-11-01T14:11:25.515+0000] {subprocess.py:93} INFO -   File "/home/***/.local/lib/python3.8/site-packages/dbt/config/runtime.py", line 71, in load_profile
[2025-11-01T14:11:25.515+0000] {subprocess.py:93} INFO -     profile = Profile.render(
[2025-11-01T14:11:25.515+0000] {subprocess.py:93} INFO -   File "/home/***/.local/lib/python3.8/site-packages/dbt/config/profile.py", line 403, in render
[2025-11-01T14:11:25.516+0000] {subprocess.py:93} INFO -     return cls.from_raw_profiles(
[2025-11-01T14:11:25.516+0000] {subprocess.py:93} INFO -   File "/home/***/.local/lib/python3.8/site-packages/dbt/config/profile.py", line 369, in from_raw_profiles
[2025-11-01T14:11:25.516+0000] {subprocess.py:93} INFO -     return cls.from_raw_profile_info(
[2025-11-01T14:11:25.517+0000] {subprocess.py:93} INFO -   File "/home/***/.local/lib/python3.8/site-packages/dbt/config/profile.py", line 325, in from_raw_profile_info
[2025-11-01T14:11:25.517+0000] {subprocess.py:93} INFO -     credentials: Credentials = cls._credentials_from_profile(
[2025-11-01T14:11:25.517+0000] {subprocess.py:93} INFO -   File "/home/***/.local/lib/python3.8/site-packages/dbt/config/profile.py", line 149, in _credentials_from_profile
[2025-11-01T14:11:25.518+0000] {subprocess.py:93} INFO -     cls = load_plugin(typename)
[2025-11-01T14:11:25.518+0000] {subprocess.py:93} INFO -   File "/home/***/.local/lib/python3.8/site-packages/dbt/adapters/factory.py", line 239, in load_plugin
[2025-11-01T14:11:25.518+0000] {subprocess.py:93} INFO -     return FACTORY.load_plugin(name)
[2025-11-01T14:11:25.519+0000] {subprocess.py:93} INFO -   File "/home/***/.local/lib/python3.8/site-packages/dbt/adapters/factory.py", line 68, in load_plugin
[2025-11-01T14:11:25.519+0000] {subprocess.py:93} INFO -     mod: Any = import_module("." + name, "dbt.adapters")
[2025-11-01T14:11:25.520+0000] {subprocess.py:93} INFO -   File "/usr/local/lib/python3.8/importlib/__init__.py", line 127, in import_module
[2025-11-01T14:11:25.520+0000] {subprocess.py:93} INFO -     return _bootstrap._gcd_import(name[level:], package, level)
[2025-11-01T14:11:25.520+0000] {subprocess.py:93} INFO -   File "<frozen importlib._bootstrap>", line 1014, in _gcd_import
[2025-11-01T14:11:25.521+0000] {subprocess.py:93} INFO -   File "<frozen importlib._bootstrap>", line 991, in _find_and_load
[2025-11-01T14:11:25.521+0000] {subprocess.py:93} INFO -   File "<frozen importlib._bootstrap>", line 975, in _find_and_load_unlocked
[2025-11-01T14:11:25.522+0000] {subprocess.py:93} INFO -   File "<frozen importlib._bootstrap>", line 671, in _load_unlocked
[2025-11-01T14:11:25.522+0000] {subprocess.py:93} INFO -   File "<frozen importlib._bootstrap_external>", line 843, in exec_module
[2025-11-01T14:11:25.522+0000] {subprocess.py:93} INFO -   File "<frozen importlib._bootstrap>", line 219, in _call_with_frames_removed
[2025-11-01T14:11:25.523+0000] {subprocess.py:93} INFO -   File "/home/***/.local/lib/python3.8/site-packages/dbt/adapters/clickhouse/__init__.py", line 4, in <module>
[2025-11-01T14:11:25.523+0000] {subprocess.py:93} INFO -     from dbt.adapters.clickhouse.connections import ClickHouseConnectionManager  # noqa
[2025-11-01T14:11:25.524+0000] {subprocess.py:93} INFO -   File "/home/***/.local/lib/python3.8/site-packages/dbt/adapters/clickhouse/connections.py", line 10, in <module>
[2025-11-01T14:11:25.524+0000] {subprocess.py:93} INFO -     from dbt.adapters.clickhouse.dbclient import ChRetryableException, get_db_client
[2025-11-01T14:11:25.525+0000] {subprocess.py:93} INFO -   File "/home/***/.local/lib/python3.8/site-packages/dbt/adapters/clickhouse/dbclient.py", line 9, in <module>
[2025-11-01T14:11:25.525+0000] {subprocess.py:93} INFO -     from dbt.adapters.clickhouse.credentials import ClickHouseCredentials
[2025-11-01T14:11:25.525+0000] {subprocess.py:93} INFO -   File "/home/***/.local/lib/python3.8/site-packages/dbt/adapters/clickhouse/credentials.py", line 9, in <module>
[2025-11-01T14:11:25.526+0000] {subprocess.py:93} INFO -     class ClickHouseCredentials(Credentials):
[2025-11-01T14:11:25.526+0000] {subprocess.py:93} INFO -   File "/home/***/.local/lib/python3.8/site-packages/dbt/adapters/clickhouse/credentials.py", line 38, in ClickHouseCredentials
[2025-11-01T14:11:25.526+0000] {subprocess.py:93} INFO -     tcp_keepalive: Union[bool, tuple[int, int, int], list[int]] = False
[2025-11-01T14:11:25.527+0000] {subprocess.py:93} INFO - TypeError: 'type' object is not subscriptable
[2025-11-01T14:11:25.527+0000] {subprocess.py:93} INFO - 
[2025-11-01T14:11:26.236+0000] {subprocess.py:97} INFO - Command exited with return code 2
[2025-11-01T14:11:26.251+0000] {taskinstance.py:2698} ERROR - Task failed with exception
Traceback (most recent call last):
  File "/home/airflow/.local/lib/python3.8/site-packages/airflow/models/taskinstance.py", line 433, in _execute_task
    result = execute_callable(context=context, **execute_callable_kwargs)
  File "/home/airflow/.local/lib/python3.8/site-packages/airflow/operators/bash.py", line 212, in execute
    raise AirflowException(
airflow.exceptions.AirflowException: Bash command failed. The command returned a non-zero exit code 2.
[2025-11-01T14:11:26.255+0000] {taskinstance.py:1138} INFO - Marking task as UP_FOR_RETRY. dag_id=silver_transformation_pipeline, task_id=dbt_run_merchants, execution_date=20251030T000000, start_date=20251101T141123, end_date=20251101T141126
[2025-11-01T14:11:26.270+0000] {standard_task_runner.py:107} ERROR - Failed to execute job 17 for task dbt_run_merchants (Bash command failed. The command returned a non-zero exit code 2.; 366)
[2025-11-01T14:11:26.311+0000] {local_task_job_runner.py:234} INFO - Task exited with return code 1
[2025-11-01T14:11:26.329+0000] {taskinstance.py:3280} INFO - 0 downstream tasks scheduled from follow-on schedule check
[2025-11-01T14:21:30.212+0000] {taskinstance.py:1956} INFO - Dependencies all met for dep_context=non-requeueable deps ti=<TaskInstance: silver_transformation_pipeline.dbt_run_merchants scheduled__2025-10-30T00:00:00+00:00 [queued]>
[2025-11-01T14:21:30.221+0000] {taskinstance.py:1956} INFO - Dependencies all met for dep_context=requeueable deps ti=<TaskInstance: silver_transformation_pipeline.dbt_run_merchants scheduled__2025-10-30T00:00:00+00:00 [queued]>
[2025-11-01T14:21:30.222+0000] {taskinstance.py:2170} INFO - Starting attempt 1 of 2
[2025-11-01T14:21:30.238+0000] {taskinstance.py:2191} INFO - Executing <Task(BashOperator): dbt_run_merchants> on 2025-10-30 00:00:00+00:00
[2025-11-01T14:21:30.243+0000] {standard_task_runner.py:60} INFO - Started process 334 to run task
[2025-11-01T14:21:30.248+0000] {standard_task_runner.py:87} INFO - Running: ['***', 'tasks', 'run', 'silver_transformation_pipeline', 'dbt_run_merchants', 'scheduled__2025-10-30T00:00:00+00:00', '--job-id', '17', '--raw', '--subdir', 'DAGS_FOLDER/silver_dag.py', '--cfg-path', '/tmp/tmp6ma8os67']
[2025-11-01T14:21:30.251+0000] {standard_task_runner.py:88} INFO - Job 17: Subtask dbt_run_merchants
[2025-11-01T14:21:30.331+0000] {task_command.py:423} INFO - Running <TaskInstance: silver_transformation_pipeline.dbt_run_merchants scheduled__2025-10-30T00:00:00+00:00 [running]> on host 8c60c1c29b68
[2025-11-01T14:21:30.429+0000] {taskinstance.py:2480} INFO - Exporting env vars: AIRFLOW_CTX_DAG_OWNER='***' AIRFLOW_CTX_DAG_ID='silver_transformation_pipeline' AIRFLOW_CTX_TASK_ID='dbt_run_merchants' AIRFLOW_CTX_EXECUTION_DATE='2025-10-30T00:00:00+00:00' AIRFLOW_CTX_TRY_NUMBER='1' AIRFLOW_CTX_DAG_RUN_ID='scheduled__2025-10-30T00:00:00+00:00'
[2025-11-01T14:21:30.430+0000] {subprocess.py:63} INFO - Tmp dir root location: /tmp
[2025-11-01T14:21:30.432+0000] {subprocess.py:75} INFO - Running command: ['/usr/bin/bash', '-c', 'dbt --no-use-colors run --project-dir /opt/***/dbt_project --profiles-dir /opt/***/dbt_project --select silver_merchants --full-refresh']
[2025-11-01T14:21:30.443+0000] {subprocess.py:86} INFO - Output:
[2025-11-01T14:21:32.040+0000] {subprocess.py:93} INFO - 14:21:32  Running with dbt=1.8.6
[2025-11-01T14:21:32.057+0000] {subprocess.py:93} INFO - 14:21:32  Encountered an error:
[2025-11-01T14:21:32.057+0000] {subprocess.py:93} INFO - 'type' object is not subscriptable
[2025-11-01T14:21:32.058+0000] {subprocess.py:93} INFO - 14:21:32  Traceback (most recent call last):
[2025-11-01T14:21:32.059+0000] {subprocess.py:93} INFO -   File "/home/***/.local/lib/python3.8/site-packages/dbt/cli/requires.py", line 138, in wrapper
[2025-11-01T14:21:32.059+0000] {subprocess.py:93} INFO -     result, success = func(*args, **kwargs)
[2025-11-01T14:21:32.059+0000] {subprocess.py:93} INFO -   File "/home/***/.local/lib/python3.8/site-packages/dbt/cli/requires.py", line 101, in wrapper
[2025-11-01T14:21:32.060+0000] {subprocess.py:93} INFO -     return func(*args, **kwargs)
[2025-11-01T14:21:32.060+0000] {subprocess.py:93} INFO -   File "/home/***/.local/lib/python3.8/site-packages/dbt/cli/requires.py", line 215, in wrapper
[2025-11-01T14:21:32.060+0000] {subprocess.py:93} INFO -     profile = load_profile(flags.PROJECT_DIR, flags.VARS, flags.PROFILE, flags.TARGET, threads)
[2025-11-01T14:21:32.061+0000] {subprocess.py:93} INFO -   File "/home/***/.local/lib/python3.8/site-packages/dbt/config/runtime.py", line 71, in load_profile
[2025-11-01T14:21:32.061+0000] {subprocess.py:93} INFO -     profile = Profile.render(
[2025-11-01T14:21:32.061+0000] {subprocess.py:93} INFO -   File "/home/***/.local/lib/python3.8/site-packages/dbt/config/profile.py", line 403, in render
[2025-11-01T14:21:32.062+0000] {subprocess.py:93} INFO -     return cls.from_raw_profiles(
[2025-11-01T14:21:32.062+0000] {subprocess.py:93} INFO -   File "/home/***/.local/lib/python3.8/site-packages/dbt/config/profile.py", line 369, in from_raw_profiles
[2025-11-01T14:21:32.063+0000] {subprocess.py:93} INFO -     return cls.from_raw_profile_info(
[2025-11-01T14:21:32.063+0000] {subprocess.py:93} INFO -   File "/home/***/.local/lib/python3.8/site-packages/dbt/config/profile.py", line 325, in from_raw_profile_info
[2025-11-01T14:21:32.064+0000] {subprocess.py:93} INFO -     credentials: Credentials = cls._credentials_from_profile(
[2025-11-01T14:21:32.064+0000] {subprocess.py:93} INFO -   File "/home/***/.local/lib/python3.8/site-packages/dbt/config/profile.py", line 149, in _credentials_from_profile
[2025-11-01T14:21:32.064+0000] {subprocess.py:93} INFO -     cls = load_plugin(typename)
[2025-11-01T14:21:32.065+0000] {subprocess.py:93} INFO -   File "/home/***/.local/lib/python3.8/site-packages/dbt/adapters/factory.py", line 239, in load_plugin
[2025-11-01T14:21:32.065+0000] {subprocess.py:93} INFO -     return FACTORY.load_plugin(name)
[2025-11-01T14:21:32.066+0000] {subprocess.py:93} INFO -   File "/home/***/.local/lib/python3.8/site-packages/dbt/adapters/factory.py", line 68, in load_plugin
[2025-11-01T14:21:32.066+0000] {subprocess.py:93} INFO -     mod: Any = import_module("." + name, "dbt.adapters")
[2025-11-01T14:21:32.067+0000] {subprocess.py:93} INFO -   File "/usr/local/lib/python3.8/importlib/__init__.py", line 127, in import_module
[2025-11-01T14:21:32.067+0000] {subprocess.py:93} INFO -     return _bootstrap._gcd_import(name[level:], package, level)
[2025-11-01T14:21:32.068+0000] {subprocess.py:93} INFO -   File "<frozen importlib._bootstrap>", line 1014, in _gcd_import
[2025-11-01T14:21:32.068+0000] {subprocess.py:93} INFO -   File "<frozen importlib._bootstrap>", line 991, in _find_and_load
[2025-11-01T14:21:32.068+0000] {subprocess.py:93} INFO -   File "<frozen importlib._bootstrap>", line 975, in _find_and_load_unlocked
[2025-11-01T14:21:32.069+0000] {subprocess.py:93} INFO -   File "<frozen importlib._bootstrap>", line 671, in _load_unlocked
[2025-11-01T14:21:32.069+0000] {subprocess.py:93} INFO -   File "<frozen importlib._bootstrap_external>", line 843, in exec_module
[2025-11-01T14:21:32.070+0000] {subprocess.py:93} INFO -   File "<frozen importlib._bootstrap>", line 219, in _call_with_frames_removed
[2025-11-01T14:21:32.070+0000] {subprocess.py:93} INFO -   File "/home/***/.local/lib/python3.8/site-packages/dbt/adapters/clickhouse/__init__.py", line 4, in <module>
[2025-11-01T14:21:32.070+0000] {subprocess.py:93} INFO -     from dbt.adapters.clickhouse.connections import ClickHouseConnectionManager  # noqa
[2025-11-01T14:21:32.070+0000] {subprocess.py:93} INFO -   File "/home/***/.local/lib/python3.8/site-packages/dbt/adapters/clickhouse/connections.py", line 10, in <module>
[2025-11-01T14:21:32.071+0000] {subprocess.py:93} INFO -     from dbt.adapters.clickhouse.dbclient import ChRetryableException, get_db_client
[2025-11-01T14:21:32.071+0000] {subprocess.py:93} INFO -   File "/home/***/.local/lib/python3.8/site-packages/dbt/adapters/clickhouse/dbclient.py", line 9, in <module>
[2025-11-01T14:21:32.071+0000] {subprocess.py:93} INFO -     from dbt.adapters.clickhouse.credentials import ClickHouseCredentials
[2025-11-01T14:21:32.072+0000] {subprocess.py:93} INFO -   File "/home/***/.local/lib/python3.8/site-packages/dbt/adapters/clickhouse/credentials.py", line 9, in <module>
[2025-11-01T14:21:32.072+0000] {subprocess.py:93} INFO -     class ClickHouseCredentials(Credentials):
[2025-11-01T14:21:32.072+0000] {subprocess.py:93} INFO -   File "/home/***/.local/lib/python3.8/site-packages/dbt/adapters/clickhouse/credentials.py", line 38, in ClickHouseCredentials
[2025-11-01T14:21:32.073+0000] {subprocess.py:93} INFO -     tcp_keepalive: Union[bool, tuple[int, int, int], list[int]] = False
[2025-11-01T14:21:32.073+0000] {subprocess.py:93} INFO - TypeError: 'type' object is not subscriptable
[2025-11-01T14:21:32.074+0000] {subprocess.py:93} INFO - 
[2025-11-01T14:21:32.801+0000] {subprocess.py:97} INFO - Command exited with return code 2
[2025-11-01T14:21:32.815+0000] {taskinstance.py:2698} ERROR - Task failed with exception
Traceback (most recent call last):
  File "/home/airflow/.local/lib/python3.8/site-packages/airflow/models/taskinstance.py", line 433, in _execute_task
    result = execute_callable(context=context, **execute_callable_kwargs)
  File "/home/airflow/.local/lib/python3.8/site-packages/airflow/operators/bash.py", line 212, in execute
    raise AirflowException(
airflow.exceptions.AirflowException: Bash command failed. The command returned a non-zero exit code 2.
[2025-11-01T14:21:32.818+0000] {taskinstance.py:1138} INFO - Marking task as UP_FOR_RETRY. dag_id=silver_transformation_pipeline, task_id=dbt_run_merchants, execution_date=20251030T000000, start_date=20251101T142130, end_date=20251101T142132
[2025-11-01T14:21:32.832+0000] {standard_task_runner.py:107} ERROR - Failed to execute job 17 for task dbt_run_merchants (Bash command failed. The command returned a non-zero exit code 2.; 334)
[2025-11-01T14:21:32.873+0000] {local_task_job_runner.py:234} INFO - Task exited with return code 1
[2025-11-01T14:21:32.891+0000] {taskinstance.py:3280} INFO - 0 downstream tasks scheduled from follow-on schedule check
[2025-11-01T15:01:49.628+0000] {taskinstance.py:1956} INFO - Dependencies all met for dep_context=non-requeueable deps ti=<TaskInstance: silver_transformation_pipeline.dbt_run_merchants scheduled__2025-10-30T00:00:00+00:00 [queued]>
[2025-11-01T15:01:49.640+0000] {taskinstance.py:1956} INFO - Dependencies all met for dep_context=requeueable deps ti=<TaskInstance: silver_transformation_pipeline.dbt_run_merchants scheduled__2025-10-30T00:00:00+00:00 [queued]>
[2025-11-01T15:01:49.642+0000] {taskinstance.py:2170} INFO - Starting attempt 1 of 2
[2025-11-01T15:01:49.659+0000] {taskinstance.py:2191} INFO - Executing <Task(BashOperator): dbt_run_merchants> on 2025-10-30 00:00:00+00:00
[2025-11-01T15:01:49.665+0000] {standard_task_runner.py:60} INFO - Started process 366 to run task
[2025-11-01T15:01:49.669+0000] {standard_task_runner.py:87} INFO - Running: ['***', 'tasks', 'run', 'silver_transformation_pipeline', 'dbt_run_merchants', 'scheduled__2025-10-30T00:00:00+00:00', '--job-id', '17', '--raw', '--subdir', 'DAGS_FOLDER/silver_dag.py', '--cfg-path', '/tmp/tmpfx64wjrv']
[2025-11-01T15:01:49.677+0000] {standard_task_runner.py:88} INFO - Job 17: Subtask dbt_run_merchants
[2025-11-01T15:01:49.781+0000] {task_command.py:423} INFO - Running <TaskInstance: silver_transformation_pipeline.dbt_run_merchants scheduled__2025-10-30T00:00:00+00:00 [running]> on host 7f2b5a16b237
[2025-11-01T15:01:49.895+0000] {taskinstance.py:2480} INFO - Exporting env vars: AIRFLOW_CTX_DAG_OWNER='***' AIRFLOW_CTX_DAG_ID='silver_transformation_pipeline' AIRFLOW_CTX_TASK_ID='dbt_run_merchants' AIRFLOW_CTX_EXECUTION_DATE='2025-10-30T00:00:00+00:00' AIRFLOW_CTX_TRY_NUMBER='1' AIRFLOW_CTX_DAG_RUN_ID='scheduled__2025-10-30T00:00:00+00:00'
[2025-11-01T15:01:49.898+0000] {subprocess.py:63} INFO - Tmp dir root location: /tmp
[2025-11-01T15:01:49.899+0000] {subprocess.py:75} INFO - Running command: ['/usr/bin/bash', '-c', 'set -euo pipefail; DBT_BIN=/home/***/.local/bin/dbt; if [ -x "$DBT_BIN" ]; then   EXEC="$DBT_BIN"; elif command -v dbt >/dev/null 2>&1; then   EXEC="$(command -v dbt)"; else   # Try dbt 1.5 style first, then 1.8 style module path  if python -c \'import runpy; runpy.run_module("dbt", run_name="__main__")\' -- --version >/dev/null 2>&1; then     EXEC="python -m dbt";   else     EXEC="python -m dbt.cli.main";   fi; fi; $EXEC --no-use-colors run --project-dir /opt/***/dbt_project --profiles-dir /opt/***/dbt_project --select silver_merchants --full-refresh']
[2025-11-01T15:01:49.910+0000] {subprocess.py:86} INFO - Output:
[2025-11-01T15:01:49.916+0000] {subprocess.py:93} INFO - /usr/bin/bash: -c: line 2: syntax error: unexpected end of file
[2025-11-01T15:01:49.917+0000] {subprocess.py:97} INFO - Command exited with return code 2
[2025-11-01T15:01:49.933+0000] {taskinstance.py:2698} ERROR - Task failed with exception
Traceback (most recent call last):
  File "/home/airflow/.local/lib/python3.8/site-packages/airflow/models/taskinstance.py", line 433, in _execute_task
    result = execute_callable(context=context, **execute_callable_kwargs)
  File "/home/airflow/.local/lib/python3.8/site-packages/airflow/operators/bash.py", line 212, in execute
    raise AirflowException(
airflow.exceptions.AirflowException: Bash command failed. The command returned a non-zero exit code 2.
[2025-11-01T15:01:49.937+0000] {taskinstance.py:1138} INFO - Marking task as UP_FOR_RETRY. dag_id=silver_transformation_pipeline, task_id=dbt_run_merchants, execution_date=20251030T000000, start_date=20251101T150149, end_date=20251101T150149
[2025-11-01T15:01:49.959+0000] {standard_task_runner.py:107} ERROR - Failed to execute job 17 for task dbt_run_merchants (Bash command failed. The command returned a non-zero exit code 2.; 366)
[2025-11-01T15:01:50.003+0000] {local_task_job_runner.py:234} INFO - Task exited with return code 1
[2025-11-01T15:01:50.028+0000] {taskinstance.py:3280} INFO - 0 downstream tasks scheduled from follow-on schedule check
[2025-11-01T16:53:27.196+0000] {taskinstance.py:1956} INFO - Dependencies all met for dep_context=non-requeueable deps ti=<TaskInstance: silver_transformation_pipeline.dbt_run_merchants scheduled__2025-10-30T00:00:00+00:00 [queued]>
[2025-11-01T16:53:27.208+0000] {taskinstance.py:1956} INFO - Dependencies all met for dep_context=requeueable deps ti=<TaskInstance: silver_transformation_pipeline.dbt_run_merchants scheduled__2025-10-30T00:00:00+00:00 [queued]>
[2025-11-01T16:53:27.209+0000] {taskinstance.py:2170} INFO - Starting attempt 1 of 2
[2025-11-01T16:53:27.228+0000] {taskinstance.py:2191} INFO - Executing <Task(PythonOperator): dbt_run_merchants> on 2025-10-30 00:00:00+00:00
[2025-11-01T16:53:27.236+0000] {standard_task_runner.py:60} INFO - Started process 366 to run task
[2025-11-01T16:53:27.240+0000] {standard_task_runner.py:87} INFO - Running: ['***', 'tasks', 'run', 'silver_transformation_pipeline', 'dbt_run_merchants', 'scheduled__2025-10-30T00:00:00+00:00', '--job-id', '17', '--raw', '--subdir', 'DAGS_FOLDER/silver_dag.py', '--cfg-path', '/tmp/tmpkioey9bp']
[2025-11-01T16:53:27.245+0000] {standard_task_runner.py:88} INFO - Job 17: Subtask dbt_run_merchants
[2025-11-01T16:53:27.343+0000] {task_command.py:423} INFO - Running <TaskInstance: silver_transformation_pipeline.dbt_run_merchants scheduled__2025-10-30T00:00:00+00:00 [running]> on host 69cecc54c654
[2025-11-01T16:53:27.449+0000] {taskinstance.py:2480} INFO - Exporting env vars: AIRFLOW_CTX_DAG_OWNER='***' AIRFLOW_CTX_DAG_ID='silver_transformation_pipeline' AIRFLOW_CTX_TASK_ID='dbt_run_merchants' AIRFLOW_CTX_EXECUTION_DATE='2025-10-30T00:00:00+00:00' AIRFLOW_CTX_TRY_NUMBER='1' AIRFLOW_CTX_DAG_RUN_ID='scheduled__2025-10-30T00:00:00+00:00'
[2025-11-01T16:53:32.663+0000] {taskinstance.py:2698} ERROR - Task failed with exception
Traceback (most recent call last):
  File "/home/airflow/.local/lib/python3.8/site-packages/airflow/models/taskinstance.py", line 433, in _execute_task
    result = execute_callable(context=context, **execute_callable_kwargs)
  File "/home/airflow/.local/lib/python3.8/site-packages/airflow/operators/python.py", line 199, in execute
    return_value = self.execute_callable()
  File "/home/airflow/.local/lib/python3.8/site-packages/airflow/operators/python.py", line 216, in execute_callable
    return self.python_callable(*self.op_args, **self.op_kwargs)
  File "/opt/airflow/dags/silver_dag.py", line 184, in <lambda>
    python_callable=lambda ds, **_: _run_dbt("silver_merchants", ds=ds, full_refresh=True, pass_ds_lagged=False),
  File "/opt/airflow/dags/silver_dag.py", line 149, in _run_dbt
    raise RuntimeError(f"dbt failed ({proc.returncode}).\nSTDOUT:\n{proc.stdout}\n\nSTDERR:\n{proc.stderr}")
RuntimeError: dbt failed (2).
STDOUT:
16:53:30  Running with dbt=1.5.9
16:53:30  Registered adapter: clickhouse=1.5.2
16:53:30  Unable to do partial parsing because config vars, config profile, or config target have changed
16:53:31  Encountered an error:
Compilation Error in model silver_link_transactions (models/silver/silver_link_transactions.sql)
  invalid syntax for function call expression
    line 1
      {{ config(


STDERR:

[2025-11-01T16:53:32.681+0000] {taskinstance.py:1138} INFO - Marking task as UP_FOR_RETRY. dag_id=silver_transformation_pipeline, task_id=dbt_run_merchants, execution_date=20251030T000000, start_date=20251101T165327, end_date=20251101T165332
[2025-11-01T16:53:32.701+0000] {standard_task_runner.py:107} ERROR - Failed to execute job 17 for task dbt_run_merchants (dbt failed (2).
STDOUT:
16:53:30  Running with dbt=1.5.9
16:53:30  Registered adapter: clickhouse=1.5.2
16:53:30  Unable to do partial parsing because config vars, config profile, or config target have changed
16:53:31  Encountered an error:
Compilation Error in model silver_link_transactions (models/silver/silver_link_transactions.sql)
  invalid syntax for function call expression
    line 1
      {{ config(


STDERR:
; 366)
[2025-11-01T16:53:32.736+0000] {local_task_job_runner.py:234} INFO - Task exited with return code 1
[2025-11-01T16:53:32.758+0000] {taskinstance.py:3280} INFO - 0 downstream tasks scheduled from follow-on schedule check
[2025-11-01T20:24:24.813+0000] {taskinstance.py:1956} INFO - Dependencies all met for dep_context=non-requeueable deps ti=<TaskInstance: silver_transformation_pipeline.dbt_run_merchants scheduled__2025-10-30T00:00:00+00:00 [queued]>
[2025-11-01T20:24:24.828+0000] {taskinstance.py:1956} INFO - Dependencies all met for dep_context=requeueable deps ti=<TaskInstance: silver_transformation_pipeline.dbt_run_merchants scheduled__2025-10-30T00:00:00+00:00 [queued]>
[2025-11-01T20:24:24.829+0000] {taskinstance.py:2170} INFO - Starting attempt 1 of 2
[2025-11-01T20:24:24.850+0000] {taskinstance.py:2191} INFO - Executing <Task(PythonOperator): dbt_run_merchants> on 2025-10-30 00:00:00+00:00
[2025-11-01T20:24:24.861+0000] {standard_task_runner.py:60} INFO - Started process 2424 to run task
[2025-11-01T20:24:24.865+0000] {standard_task_runner.py:87} INFO - Running: ['***', 'tasks', 'run', 'silver_transformation_pipeline', 'dbt_run_merchants', 'scheduled__2025-10-30T00:00:00+00:00', '--job-id', '243', '--raw', '--subdir', 'DAGS_FOLDER/silver_dag.py', '--cfg-path', '/tmp/tmp7crwu0vw']
[2025-11-01T20:24:24.867+0000] {standard_task_runner.py:88} INFO - Job 243: Subtask dbt_run_merchants
[2025-11-01T20:24:24.981+0000] {task_command.py:423} INFO - Running <TaskInstance: silver_transformation_pipeline.dbt_run_merchants scheduled__2025-10-30T00:00:00+00:00 [running]> on host 6335aa85b335
[2025-11-01T20:24:25.116+0000] {taskinstance.py:2480} INFO - Exporting env vars: AIRFLOW_CTX_DAG_OWNER='***' AIRFLOW_CTX_DAG_ID='silver_transformation_pipeline' AIRFLOW_CTX_TASK_ID='dbt_run_merchants' AIRFLOW_CTX_EXECUTION_DATE='2025-10-30T00:00:00+00:00' AIRFLOW_CTX_TRY_NUMBER='1' AIRFLOW_CTX_DAG_RUN_ID='scheduled__2025-10-30T00:00:00+00:00'
[2025-11-01T20:24:31.867+0000] {python.py:201} INFO - Done. Returned value was: None
[2025-11-01T20:24:31.881+0000] {taskinstance.py:1138} INFO - Marking task as SUCCESS. dag_id=silver_transformation_pipeline, task_id=dbt_run_merchants, execution_date=20251030T000000, start_date=20251101T202424, end_date=20251101T202431
[2025-11-01T20:24:31.929+0000] {local_task_job_runner.py:234} INFO - Task exited with return code 0
[2025-11-01T20:24:31.953+0000] {taskinstance.py:3280} INFO - 0 downstream tasks scheduled from follow-on schedule check
[2025-11-02T01:39:44.925+0000] {taskinstance.py:1956} INFO - Dependencies all met for dep_context=non-requeueable deps ti=<TaskInstance: silver_transformation_pipeline.dbt_run_merchants scheduled__2025-10-30T00:00:00+00:00 [queued]>
[2025-11-02T01:39:44.935+0000] {taskinstance.py:1956} INFO - Dependencies all met for dep_context=requeueable deps ti=<TaskInstance: silver_transformation_pipeline.dbt_run_merchants scheduled__2025-10-30T00:00:00+00:00 [queued]>
[2025-11-02T01:39:44.936+0000] {taskinstance.py:2170} INFO - Starting attempt 1 of 2
[2025-11-02T01:39:44.953+0000] {taskinstance.py:2191} INFO - Executing <Task(PythonOperator): dbt_run_merchants> on 2025-10-30 00:00:00+00:00
[2025-11-02T01:39:44.962+0000] {standard_task_runner.py:60} INFO - Started process 3595 to run task
[2025-11-02T01:39:44.966+0000] {standard_task_runner.py:87} INFO - Running: ['***', 'tasks', 'run', 'silver_transformation_pipeline', 'dbt_run_merchants', 'scheduled__2025-10-30T00:00:00+00:00', '--job-id', '247', '--raw', '--subdir', 'DAGS_FOLDER/silver_dag.py', '--cfg-path', '/tmp/tmp3d5k03re']
[2025-11-02T01:39:44.970+0000] {standard_task_runner.py:88} INFO - Job 247: Subtask dbt_run_merchants
[2025-11-02T01:39:45.053+0000] {task_command.py:423} INFO - Running <TaskInstance: silver_transformation_pipeline.dbt_run_merchants scheduled__2025-10-30T00:00:00+00:00 [running]> on host 3b0074fa0b5e
[2025-11-02T01:39:45.175+0000] {taskinstance.py:2480} INFO - Exporting env vars: AIRFLOW_CTX_DAG_OWNER='***' AIRFLOW_CTX_DAG_ID='silver_transformation_pipeline' AIRFLOW_CTX_TASK_ID='dbt_run_merchants' AIRFLOW_CTX_EXECUTION_DATE='2025-10-30T00:00:00+00:00' AIRFLOW_CTX_TRY_NUMBER='1' AIRFLOW_CTX_DAG_RUN_ID='scheduled__2025-10-30T00:00:00+00:00'
[2025-11-02T01:39:51.685+0000] {python.py:201} INFO - Done. Returned value was: None
[2025-11-02T01:39:51.701+0000] {taskinstance.py:1138} INFO - Marking task as SUCCESS. dag_id=silver_transformation_pipeline, task_id=dbt_run_merchants, execution_date=20251030T000000, start_date=20251102T013944, end_date=20251102T013951
[2025-11-02T01:39:51.762+0000] {local_task_job_runner.py:234} INFO - Task exited with return code 0
[2025-11-02T01:39:51.780+0000] {taskinstance.py:3280} INFO - 0 downstream tasks scheduled from follow-on schedule check
[2025-11-02T11:35:44.835+0000] {taskinstance.py:1956} INFO - Dependencies all met for dep_context=non-requeueable deps ti=<TaskInstance: silver_transformation_pipeline.dbt_run_merchants scheduled__2025-10-30T00:00:00+00:00 [queued]>
[2025-11-02T11:35:44.857+0000] {taskinstance.py:1956} INFO - Dependencies all met for dep_context=requeueable deps ti=<TaskInstance: silver_transformation_pipeline.dbt_run_merchants scheduled__2025-10-30T00:00:00+00:00 [queued]>
[2025-11-02T11:35:44.860+0000] {taskinstance.py:2170} INFO - Starting attempt 1 of 2
[2025-11-02T11:35:44.888+0000] {taskinstance.py:2191} INFO - Executing <Task(PythonOperator): dbt_run_merchants> on 2025-10-30 00:00:00+00:00
[2025-11-02T11:35:44.901+0000] {standard_task_runner.py:60} INFO - Started process 3823 to run task
[2025-11-02T11:35:44.912+0000] {standard_task_runner.py:87} INFO - Running: ['***', 'tasks', 'run', 'silver_transformation_pipeline', 'dbt_run_merchants', 'scheduled__2025-10-30T00:00:00+00:00', '--job-id', '261', '--raw', '--subdir', 'DAGS_FOLDER/silver_dag.py', '--cfg-path', '/tmp/tmp4wnc4ow0']
[2025-11-02T11:35:44.917+0000] {standard_task_runner.py:88} INFO - Job 261: Subtask dbt_run_merchants
[2025-11-02T11:35:45.093+0000] {task_command.py:423} INFO - Running <TaskInstance: silver_transformation_pipeline.dbt_run_merchants scheduled__2025-10-30T00:00:00+00:00 [running]> on host 0d39d4365eb9
[2025-11-02T11:35:45.271+0000] {taskinstance.py:2480} INFO - Exporting env vars: AIRFLOW_CTX_DAG_OWNER='***' AIRFLOW_CTX_DAG_ID='silver_transformation_pipeline' AIRFLOW_CTX_TASK_ID='dbt_run_merchants' AIRFLOW_CTX_EXECUTION_DATE='2025-10-30T00:00:00+00:00' AIRFLOW_CTX_TRY_NUMBER='1' AIRFLOW_CTX_DAG_RUN_ID='scheduled__2025-10-30T00:00:00+00:00'
[2025-11-02T11:35:56.557+0000] {python.py:201} INFO - Done. Returned value was: None
[2025-11-02T11:35:56.583+0000] {taskinstance.py:1138} INFO - Marking task as SUCCESS. dag_id=silver_transformation_pipeline, task_id=dbt_run_merchants, execution_date=20251030T000000, start_date=20251102T113544, end_date=20251102T113556
[2025-11-02T11:35:56.637+0000] {local_task_job_runner.py:234} INFO - Task exited with return code 0
[2025-11-02T11:35:56.664+0000] {taskinstance.py:3280} INFO - 0 downstream tasks scheduled from follow-on schedule check
