[2025-11-26T19:23:01.057+0000] {taskinstance.py:1956} INFO - Dependencies all met for dep_context=non-requeueable deps ti=<TaskInstance: ingestion_pipeline.load_merchants_bronze scheduled__2025-11-21T00:00:00+00:00 [queued]>
[2025-11-26T19:23:01.294+0000] {taskinstance.py:1956} INFO - Dependencies all met for dep_context=requeueable deps ti=<TaskInstance: ingestion_pipeline.load_merchants_bronze scheduled__2025-11-21T00:00:00+00:00 [queued]>
[2025-11-26T19:23:01.307+0000] {taskinstance.py:2170} INFO - Starting attempt 1 of 2
[2025-11-26T19:23:01.368+0000] {taskinstance.py:2191} INFO - Executing <Task(PythonOperator): load_merchants_bronze> on 2025-11-21 00:00:00+00:00
[2025-11-26T19:23:01.384+0000] {standard_task_runner.py:60} INFO - Started process 486 to run task
[2025-11-26T19:23:01.401+0000] {standard_task_runner.py:87} INFO - Running: ['***', 'tasks', 'run', 'ingestion_pipeline', 'load_merchants_bronze', 'scheduled__2025-11-21T00:00:00+00:00', '--job-id', '574', '--raw', '--subdir', 'DAGS_FOLDER/ingestion_dag.py', '--cfg-path', '/tmp/tmpnt17pbsg']
[2025-11-26T19:23:01.425+0000] {standard_task_runner.py:88} INFO - Job 574: Subtask load_merchants_bronze
[2025-11-26T19:23:01.872+0000] {task_command.py:423} INFO - Running <TaskInstance: ingestion_pipeline.load_merchants_bronze scheduled__2025-11-21T00:00:00+00:00 [running]> on host 0d39d4365eb9
[2025-11-26T19:23:02.410+0000] {taskinstance.py:2480} INFO - Exporting env vars: AIRFLOW_CTX_DAG_OWNER='***' AIRFLOW_CTX_DAG_ID='ingestion_pipeline' AIRFLOW_CTX_TASK_ID='load_merchants_bronze' AIRFLOW_CTX_EXECUTION_DATE='2025-11-21T00:00:00+00:00' AIRFLOW_CTX_TRY_NUMBER='1' AIRFLOW_CTX_DAG_RUN_ID='scheduled__2025-11-21T00:00:00+00:00'
[2025-11-26T19:23:02.909+0000] {local_task_job_runner.py:121} ERROR - Received SIGTERM. Terminating subprocesses
[2025-11-26T19:23:02.994+0000] {process_utils.py:131} INFO - Sending 15 to group 486. PIDs of all processes in the group: [486]
[2025-11-26T19:23:03.007+0000] {process_utils.py:86} INFO - Sending the signal 15 to group 486
[2025-11-26T19:23:03.462+0000] {taskinstance.py:2450} ERROR - Received SIGTERM. Terminating subprocesses.
[2025-11-26T19:23:03.503+0000] {taskinstance.py:2698} ERROR - Task failed with exception
Traceback (most recent call last):
  File "/home/airflow/.local/lib/python3.8/site-packages/airflow/models/taskinstance.py", line 433, in _execute_task
    result = execute_callable(context=context, **execute_callable_kwargs)
  File "/home/airflow/.local/lib/python3.8/site-packages/airflow/operators/python.py", line 199, in execute
    return_value = self.execute_callable()
  File "/home/airflow/.local/lib/python3.8/site-packages/airflow/operators/python.py", line 216, in execute_callable
    return self.python_callable(*self.op_args, **self.op_kwargs)
  File "/opt/airflow/dags/pipelines/merchants_to_clickhouse.py", line 59, in _callable
    import pandas as pd
  File "/home/airflow/.local/lib/python3.8/site-packages/pandas/__init__.py", line 22, in <module>
    from pandas.compat import is_numpy_dev as _is_numpy_dev  # pyright: ignore # noqa:F401
  File "/home/airflow/.local/lib/python3.8/site-packages/pandas/compat/__init__.py", line 29, in <module>
    from pandas.compat.pyarrow import (
  File "/home/airflow/.local/lib/python3.8/site-packages/pandas/compat/pyarrow.py", line 8, in <module>
    import pyarrow as pa
  File "/home/airflow/.local/lib/python3.8/site-packages/pyarrow/__init__.py", line 65, in <module>
    import pyarrow.lib as _lib
  File "<frozen importlib._bootstrap>", line 389, in parent
  File "/home/airflow/.local/lib/python3.8/site-packages/airflow/models/taskinstance.py", line 2452, in signal_handler
    raise AirflowException("Task received SIGTERM signal")
airflow.exceptions.AirflowException: Task received SIGTERM signal
[2025-11-26T19:23:03.594+0000] {taskinstance.py:1138} INFO - Marking task as UP_FOR_RETRY. dag_id=ingestion_pipeline, task_id=load_merchants_bronze, execution_date=20251121T000000, start_date=20251126T192301, end_date=20251126T192303
[2025-11-26T19:23:03.701+0000] {standard_task_runner.py:107} ERROR - Failed to execute job 574 for task load_merchants_bronze (Task received SIGTERM signal; 486)
[2025-11-26T19:23:03.825+0000] {process_utils.py:79} INFO - Process psutil.Process(pid=486, status='terminated', exitcode=1, started='19:23:00') (486) terminated with exit code 1
[2025-11-26T19:23:03.833+0000] {local_task_job_runner.py:234} INFO - Task exited with return code 143
[2025-11-26T19:23:03.891+0000] {taskinstance.py:3280} INFO - 0 downstream tasks scheduled from follow-on schedule check
[2025-11-26T19:23:04.766+0000] {local_task_job_runner.py:121} ERROR - Received SIGTERM. Terminating subprocesses
[2025-11-26T19:23:04.793+0000] {local_task_job_runner.py:234} INFO - Task exited with return code 143
[2025-11-26T19:23:04.868+0000] {taskinstance.py:3280} INFO - 0 downstream tasks scheduled from follow-on schedule check
