[2025-11-02T14:11:12.132+0000] {taskinstance.py:1956} INFO - Dependencies all met for dep_context=non-requeueable deps ti=<TaskInstance: gold_dimensions_pipeline.dbt_fact_transactions manual__2025-11-02T13:07:50.725059+00:00 [queued]>
[2025-11-02T14:11:12.144+0000] {taskinstance.py:1956} INFO - Dependencies all met for dep_context=requeueable deps ti=<TaskInstance: gold_dimensions_pipeline.dbt_fact_transactions manual__2025-11-02T13:07:50.725059+00:00 [queued]>
[2025-11-02T14:11:12.145+0000] {taskinstance.py:2170} INFO - Starting attempt 8 of 10
[2025-11-02T14:11:12.164+0000] {taskinstance.py:2191} INFO - Executing <Task(PythonOperator): dbt_fact_transactions> on 2025-11-02 13:07:50.725059+00:00
[2025-11-02T14:11:12.172+0000] {standard_task_runner.py:60} INFO - Started process 14443 to run task
[2025-11-02T14:11:12.176+0000] {standard_task_runner.py:87} INFO - Running: ['***', 'tasks', 'run', 'gold_dimensions_pipeline', 'dbt_fact_transactions', 'manual__2025-11-02T13:07:50.725059+00:00', '--job-id', '419', '--raw', '--subdir', 'DAGS_FOLDER/gold_dag.py', '--cfg-path', '/tmp/tmpnf6ak0uf']
[2025-11-02T14:11:12.179+0000] {standard_task_runner.py:88} INFO - Job 419: Subtask dbt_fact_transactions
[2025-11-02T14:11:12.275+0000] {task_command.py:423} INFO - Running <TaskInstance: gold_dimensions_pipeline.dbt_fact_transactions manual__2025-11-02T13:07:50.725059+00:00 [running]> on host 0d39d4365eb9
[2025-11-02T14:11:12.401+0000] {taskinstance.py:2480} INFO - Exporting env vars: AIRFLOW_CTX_DAG_OWNER='***' AIRFLOW_CTX_DAG_ID='gold_dimensions_pipeline' AIRFLOW_CTX_TASK_ID='dbt_fact_transactions' AIRFLOW_CTX_EXECUTION_DATE='2025-11-02T13:07:50.725059+00:00' AIRFLOW_CTX_TRY_NUMBER='8' AIRFLOW_CTX_DAG_RUN_ID='manual__2025-11-02T13:07:50.725059+00:00'
[2025-11-02T14:11:15.169+0000] {logging_mixin.py:188} INFO - 14:11:15  Running with dbt=1.5.9
[2025-11-02T14:11:15.306+0000] {logging_mixin.py:188} INFO - 14:11:15  Registered adapter: clickhouse=1.5.2
[2025-11-02T14:11:17.021+0000] {logging_mixin.py:188} INFO - 14:11:17  [WARNING]: Configuration paths exist in your dbt_project.yml file which do not apply to any resources.
[2025-11-02T14:11:17.022+0000] {logging_mixin.py:188} INFO - There are 1 unused configuration paths:
[2025-11-02T14:11:17.022+0000] {logging_mixin.py:188} INFO - - models.ck_project.bronze
[2025-11-02T14:11:17.059+0000] {logging_mixin.py:188} INFO - 14:11:17  Found 8 models, 20 tests, 0 snapshots, 0 analyses, 349 macros, 0 operations, 0 seed files, 6 sources, 0 exposures, 0 metrics, 0 groups
[2025-11-02T14:11:17.063+0000] {logging_mixin.py:188} INFO - 14:11:17
[2025-11-02T14:11:17.397+0000] {logging_mixin.py:188} INFO - 14:11:17  Concurrency: 4 threads (target='dev')
[2025-11-02T14:11:17.399+0000] {logging_mixin.py:188} INFO - 14:11:17
[2025-11-02T14:11:17.429+0000] {logging_mixin.py:188} INFO - 14:11:17  1 of 1 START sql incremental model gold.fact_transactions ...................... [RUN]
[2025-11-02T14:11:17.608+0000] {logging_mixin.py:188} INFO - 14:11:17  1 of 1 ERROR creating sql incremental model gold.fact_transactions ............. [ERROR in 0.18s]
[2025-11-02T14:11:17.620+0000] {logging_mixin.py:188} INFO - 14:11:17
[2025-11-02T14:11:17.622+0000] {logging_mixin.py:188} INFO - 14:11:17  Finished running 1 incremental model in 0 hours 0 minutes and 0.56 seconds (0.56s).
[2025-11-02T14:11:17.671+0000] {logging_mixin.py:188} INFO - 14:11:17
[2025-11-02T14:11:17.673+0000] {logging_mixin.py:188} INFO - 14:11:17  Completed with 1 error and 0 warnings:
[2025-11-02T14:11:17.674+0000] {logging_mixin.py:188} INFO - 14:11:17
[2025-11-02T14:11:17.676+0000] {logging_mixin.py:188} INFO - 14:11:17  Database Error in model fact_transactions (models/gold/fact/fact_transactions.sql)
[2025-11-02T14:11:17.678+0000] {logging_mixin.py:188} INFO - 14:11:17    Code: 62.
[2025-11-02T14:11:17.680+0000] {logging_mixin.py:188} INFO - 14:11:17    DB::Exception: Syntax error: failed at position 1508 (tx_raw) (line 46, col 8): tx_raw
[2025-11-02T14:11:17.682+0000] {logging_mixin.py:188} INFO - 14:11:17    )
[2025-11-02T14:11:17.684+0000] {logging_mixin.py:188} INFO - 14:11:17
[2025-11-02T14:11:17.685+0000] {logging_mixin.py:188} INFO - 14:11:17
[2025-11-02T14:11:17.687+0000] {logging_mixin.py:188} INFO - 14:11:17
[2025-11-02T14:11:17.689+0000] {logging_mixin.py:188} INFO - 14:11:17    -- 2) Payments collapsed to the final state per reference
[2025-11-02T14:11:17.690+0000] {logging_mixin.py:188} INFO - 14:11:17    pay_final AS (
[2025-11-02T14:11:17.692+0000] {logging_mixin.py:188} INFO - 14:11:17      SELECT
[2025-11-02T14:11:17.694+0000] {logging_mixin.py:188} INFO - 14:11:17          reference                                                       AS p... Expected one of: token sequence, Dot, token, OR, AND, IS NOT DISTINCT FROM, IS NULL, IS NOT NULL, BETWEEN, NOT BETWEEN, LIKE, ILIKE, NOT LIKE, NOT ILIKE, REGEXP, IN, NOT IN, GLOBAL IN, GLOBAL NOT IN, MOD, DIV, alias, AS, Comma, FROM, PREWHERE, WHERE, GROUP BY, WITH, HAVING, WINDOW, QUALIFY, ORDER BY, LIMIT, OFFSET, FETCH, SETTINGS, UNION, EXCEPT, INTERSECT. Stack trace:
[2025-11-02T14:11:17.696+0000] {logging_mixin.py:188} INFO - 14:11:17
[2025-11-02T14:11:17.698+0000] {logging_mixin.py:188} INFO - 14:11:17    0. DB::Exception::Exception(DB::Exception::MessageMasked&&, int, bool) @ 0x00000000137a855f
[2025-11-02T14:11:17.699+0000] {logging_mixin.py:188} INFO - 14:11:17    1. DB::Exception::Exception(String const&, int, String, bool) @ 0x0000000012423c8e
[2025-11-02T14:11:17.700+0000] {logging_mixin.py:188} INFO - 14:11:17    2. DB::Exception::createDeprecated(String const&, int, bool) @ 0x0000000013a54f9f
[2025-11-02T14:11:17.702+0000] {logging_mixin.py:188} INFO - 14:11:17    3. DB::parseQueryAndMovePosition(DB::IParser&, char const*&, char const*, String const&, bool, unsigned long, unsigned long, unsigned long) @ 0x000000001aace132
[2025-11-02T14:11:17.704+0000] {logging_mixin.py:188} INFO - 14:11:17    4. DB::executeQueryImpl(char const*, char const*, std::shared_ptr<DB::Context>, DB::QueryFlags, DB::QueryProcessingStage::Enum, std::unique_ptr<DB::ReadBuffer, std::default_delete<DB::ReadBuffer>>&, std::shared_ptr<DB::IAST>&, std::shared_ptr<DB::ImplicitTransactionControlExecutor>) @ 0x0000000018779652
[2025-11-02T14:11:17.705+0000] {logging_mixin.py:188} INFO - 14:11:17    5. DB::executeQuery(String const&, std::shared_ptr<DB::Context>, DB::QueryFlags, DB::QueryProcessingStage::Enum) @ 0x00000000187786cb
[2025-11-02T14:11:17.706+0000] {logging_mixin.py:188} INFO - 14:11:17    6. DB::TCPHandler::runImpl() @ 0x0000000019e2d3db
[2025-11-02T14:11:17.707+0000] {logging_mixin.py:188} INFO - 14:11:17    7. DB::TCPHandler::run() @ 0x0000000019e4f119
[2025-11-02T14:11:17.708+0000] {logging_mixin.py:188} INFO - 14:11:17    8. Poco::Net::TCPServerConnection::start() @ 0x000000001ef4ed07
[2025-11-02T14:11:17.710+0000] {logging_mixin.py:188} INFO - 14:11:17    9. Poco::Net::TCPServerDispatcher::run() @ 0x000000001ef4f199
[2025-11-02T14:11:17.712+0000] {logging_mixin.py:188} INFO - 14:11:17    10. Poco::PooledThread::run() @ 0x000000001ef15b87
[2025-11-02T14:11:17.713+0000] {logging_mixin.py:188} INFO - 14:11:17    11. Poco::ThreadImpl::runnableEntry(void*) @ 0x000000001ef13f81
[2025-11-02T14:11:17.715+0000] {logging_mixin.py:188} INFO - 14:11:17    12. ? @ 0x0000000000094ac3
[2025-11-02T14:11:17.716+0000] {logging_mixin.py:188} INFO - 14:11:17    13. ? @ 0x0000000000125a74
[2025-11-02T14:11:17.718+0000] {logging_mixin.py:188} INFO - 14:11:17
[2025-11-02T14:11:17.720+0000] {logging_mixin.py:188} INFO - 14:11:17  Done. PASS=0 WARN=0 ERROR=1 SKIP=0 TOTAL=1
[2025-11-02T14:11:18.843+0000] {taskinstance.py:2698} ERROR - Task failed with exception
Traceback (most recent call last):
  File "/home/airflow/.local/lib/python3.8/site-packages/airflow/models/taskinstance.py", line 433, in _execute_task
    result = execute_callable(context=context, **execute_callable_kwargs)
  File "/home/airflow/.local/lib/python3.8/site-packages/airflow/operators/python.py", line 199, in execute
    return_value = self.execute_callable()
  File "/home/airflow/.local/lib/python3.8/site-packages/airflow/operators/python.py", line 216, in execute_callable
    return self.python_callable(*self.op_args, **self.op_kwargs)
  File "/opt/airflow/dags/gold_dag.py", line 143, in <lambda>
    python_callable=lambda **_: _run_dbt("+fact_transactions"),
  File "/opt/airflow/dags/gold_dag.py", line 90, in _run_dbt
    raise RuntimeError(f"dbt failed (exit {ret}). See logs above.")
RuntimeError: dbt failed (exit 1). See logs above.
[2025-11-02T14:11:18.875+0000] {taskinstance.py:1138} INFO - Marking task as UP_FOR_RETRY. dag_id=gold_dimensions_pipeline, task_id=dbt_fact_transactions, execution_date=20251102T130750, start_date=20251102T141112, end_date=20251102T141118
[2025-11-02T14:11:18.915+0000] {standard_task_runner.py:107} ERROR - Failed to execute job 419 for task dbt_fact_transactions (dbt failed (exit 1). See logs above.; 14443)
[2025-11-02T14:11:18.942+0000] {local_task_job_runner.py:234} INFO - Task exited with return code 1
[2025-11-02T14:11:18.964+0000] {taskinstance.py:3280} INFO - 0 downstream tasks scheduled from follow-on schedule check
