[2025-11-02T14:07:27.741+0000] {taskinstance.py:1956} INFO - Dependencies all met for dep_context=non-requeueable deps ti=<TaskInstance: gold_dimensions_pipeline.dbt_fact_transactions manual__2025-11-02T13:07:50.725059+00:00 [queued]>
[2025-11-02T14:07:27.762+0000] {taskinstance.py:1956} INFO - Dependencies all met for dep_context=requeueable deps ti=<TaskInstance: gold_dimensions_pipeline.dbt_fact_transactions manual__2025-11-02T13:07:50.725059+00:00 [queued]>
[2025-11-02T14:07:27.764+0000] {taskinstance.py:2170} INFO - Starting attempt 7 of 9
[2025-11-02T14:07:27.795+0000] {taskinstance.py:2191} INFO - Executing <Task(PythonOperator): dbt_fact_transactions> on 2025-11-02 13:07:50.725059+00:00
[2025-11-02T14:07:27.808+0000] {standard_task_runner.py:60} INFO - Started process 14174 to run task
[2025-11-02T14:07:27.814+0000] {standard_task_runner.py:87} INFO - Running: ['***', 'tasks', 'run', 'gold_dimensions_pipeline', 'dbt_fact_transactions', 'manual__2025-11-02T13:07:50.725059+00:00', '--job-id', '418', '--raw', '--subdir', 'DAGS_FOLDER/gold_dag.py', '--cfg-path', '/tmp/tmpbvn1v1eb']
[2025-11-02T14:07:27.821+0000] {standard_task_runner.py:88} INFO - Job 418: Subtask dbt_fact_transactions
[2025-11-02T14:07:27.945+0000] {task_command.py:423} INFO - Running <TaskInstance: gold_dimensions_pipeline.dbt_fact_transactions manual__2025-11-02T13:07:50.725059+00:00 [running]> on host 0d39d4365eb9
[2025-11-02T14:07:28.074+0000] {taskinstance.py:2480} INFO - Exporting env vars: AIRFLOW_CTX_DAG_OWNER='***' AIRFLOW_CTX_DAG_ID='gold_dimensions_pipeline' AIRFLOW_CTX_TASK_ID='dbt_fact_transactions' AIRFLOW_CTX_EXECUTION_DATE='2025-11-02T13:07:50.725059+00:00' AIRFLOW_CTX_TRY_NUMBER='7' AIRFLOW_CTX_DAG_RUN_ID='manual__2025-11-02T13:07:50.725059+00:00'
[2025-11-02T14:07:30.568+0000] {logging_mixin.py:188} INFO - 14:07:30  Running with dbt=1.5.9
[2025-11-02T14:07:30.733+0000] {logging_mixin.py:188} INFO - 14:07:30  Registered adapter: clickhouse=1.5.2
[2025-11-02T14:07:32.669+0000] {logging_mixin.py:188} INFO - 14:07:32  [WARNING]: Configuration paths exist in your dbt_project.yml file which do not apply to any resources.
[2025-11-02T14:07:32.670+0000] {logging_mixin.py:188} INFO - There are 1 unused configuration paths:
[2025-11-02T14:07:32.671+0000] {logging_mixin.py:188} INFO - - models.ck_project.bronze
[2025-11-02T14:07:32.710+0000] {logging_mixin.py:188} INFO - 14:07:32  Found 8 models, 20 tests, 0 snapshots, 0 analyses, 349 macros, 0 operations, 0 seed files, 6 sources, 0 exposures, 0 metrics, 0 groups
[2025-11-02T14:07:32.714+0000] {logging_mixin.py:188} INFO - 14:07:32
[2025-11-02T14:07:33.054+0000] {logging_mixin.py:188} INFO - 14:07:33  Concurrency: 4 threads (target='dev')
[2025-11-02T14:07:33.055+0000] {logging_mixin.py:188} INFO - 14:07:33
[2025-11-02T14:07:33.076+0000] {logging_mixin.py:188} INFO - 14:07:33  1 of 1 START sql incremental model gold.fact_transactions ...................... [RUN]
[2025-11-02T14:07:33.226+0000] {logging_mixin.py:188} INFO - 14:07:33  1 of 1 ERROR creating sql incremental model gold.fact_transactions ............. [ERROR in 0.15s]
[2025-11-02T14:07:33.239+0000] {logging_mixin.py:188} INFO - 14:07:33
[2025-11-02T14:07:33.240+0000] {logging_mixin.py:188} INFO - 14:07:33  Finished running 1 incremental model in 0 hours 0 minutes and 0.52 seconds (0.52s).
[2025-11-02T14:07:33.270+0000] {logging_mixin.py:188} INFO - 14:07:33
[2025-11-02T14:07:33.271+0000] {logging_mixin.py:188} INFO - 14:07:33  Completed with 1 error and 0 warnings:
[2025-11-02T14:07:33.272+0000] {logging_mixin.py:188} INFO - 14:07:33
[2025-11-02T14:07:33.274+0000] {logging_mixin.py:188} INFO - 14:07:33  Database Error in model fact_transactions (models/gold/fact/fact_transactions.sql)
[2025-11-02T14:07:33.275+0000] {logging_mixin.py:188} INFO - 14:07:33    Code: 62.
[2025-11-02T14:07:33.276+0000] {logging_mixin.py:188} INFO - 14:07:33    DB::Exception: Syntax error: failed at position 1478 ()) (line 45, col 7): ) AS payment_reference,
[2025-11-02T14:07:33.278+0000] {logging_mixin.py:188} INFO - 14:07:33      FROM tx_raw
[2025-11-02T14:07:33.279+0000] {logging_mixin.py:188} INFO - 14:07:33    )
[2025-11-02T14:07:33.280+0000] {logging_mixin.py:188} INFO - 14:07:33
[2025-11-02T14:07:33.280+0000] {logging_mixin.py:188} INFO - 14:07:33
[2025-11-02T14:07:33.282+0000] {logging_mixin.py:188} INFO - 14:07:33
[2025-11-02T14:07:33.283+0000] {logging_mixin.py:188} INFO - 14:07:33    -- 2) Payments collapsed to the final state per reference
[2025-11-02T14:07:33.284+0000] {logging_mixin.py:188} INFO - 14:07:33    pay_final AS (
[2025-11-02T14:07:33.285+0000] {logging_mixin.py:188} INFO - 14:07:33      SELECT
[2025-11-02T14:07:33.287+0000] {logging_mixin.py:188} INFO - 14:07:33          reference                             ... Expected one of: CAST operator, NOT, INTERVAL, CASE, DATE, TIMESTAMP, tuple, collection of literals, array, number, literal, NULL, NULL, Bool, TRUE, FALSE, string literal, asterisk, qualified asterisk, compound identifier, identifier, COLUMNS matcher, COLUMNS, qualified COLUMNS matcher, function name, substitution, MySQL-style global variable. Stack trace:
[2025-11-02T14:07:33.288+0000] {logging_mixin.py:188} INFO - 14:07:33
[2025-11-02T14:07:33.289+0000] {logging_mixin.py:188} INFO - 14:07:33    0. DB::Exception::Exception(DB::Exception::MessageMasked&&, int, bool) @ 0x00000000137a855f
[2025-11-02T14:07:33.291+0000] {logging_mixin.py:188} INFO - 14:07:33    1. DB::Exception::Exception(String const&, int, String, bool) @ 0x0000000012423c8e
[2025-11-02T14:07:33.291+0000] {logging_mixin.py:188} INFO - 14:07:33    2. DB::Exception::createDeprecated(String const&, int, bool) @ 0x0000000013a54f9f
[2025-11-02T14:07:33.292+0000] {logging_mixin.py:188} INFO - 14:07:33    3. DB::parseQueryAndMovePosition(DB::IParser&, char const*&, char const*, String const&, bool, unsigned long, unsigned long, unsigned long) @ 0x000000001aace132
[2025-11-02T14:07:33.293+0000] {logging_mixin.py:188} INFO - 14:07:33    4. DB::executeQueryImpl(char const*, char const*, std::shared_ptr<DB::Context>, DB::QueryFlags, DB::QueryProcessingStage::Enum, std::unique_ptr<DB::ReadBuffer, std::default_delete<DB::ReadBuffer>>&, std::shared_ptr<DB::IAST>&, std::shared_ptr<DB::ImplicitTransactionControlExecutor>) @ 0x0000000018779652
[2025-11-02T14:07:33.294+0000] {logging_mixin.py:188} INFO - 14:07:33    5. DB::executeQuery(String const&, std::shared_ptr<DB::Context>, DB::QueryFlags, DB::QueryProcessingStage::Enum) @ 0x00000000187786cb
[2025-11-02T14:07:33.295+0000] {logging_mixin.py:188} INFO - 14:07:33    6. DB::TCPHandler::runImpl() @ 0x0000000019e2d3db
[2025-11-02T14:07:33.296+0000] {logging_mixin.py:188} INFO - 14:07:33    7. DB::TCPHandler::run() @ 0x0000000019e4f119
[2025-11-02T14:07:33.298+0000] {logging_mixin.py:188} INFO - 14:07:33    8. Poco::Net::TCPServerConnection::start() @ 0x000000001ef4ed07
[2025-11-02T14:07:33.299+0000] {logging_mixin.py:188} INFO - 14:07:33    9. Poco::Net::TCPServerDispatcher::run() @ 0x000000001ef4f199
[2025-11-02T14:07:33.300+0000] {logging_mixin.py:188} INFO - 14:07:33    10. Poco::PooledThread::run() @ 0x000000001ef15b87
[2025-11-02T14:07:33.301+0000] {logging_mixin.py:188} INFO - 14:07:33    11. Poco::ThreadImpl::runnableEntry(void*) @ 0x000000001ef13f81
[2025-11-02T14:07:33.302+0000] {logging_mixin.py:188} INFO - 14:07:33    12. ? @ 0x0000000000094ac3
[2025-11-02T14:07:33.303+0000] {logging_mixin.py:188} INFO - 14:07:33    13. ? @ 0x0000000000125a74
[2025-11-02T14:07:33.304+0000] {logging_mixin.py:188} INFO - 14:07:33
[2025-11-02T14:07:33.305+0000] {logging_mixin.py:188} INFO - 14:07:33  Done. PASS=0 WARN=0 ERROR=1 SKIP=0 TOTAL=1
[2025-11-02T14:07:34.256+0000] {taskinstance.py:2698} ERROR - Task failed with exception
Traceback (most recent call last):
  File "/home/airflow/.local/lib/python3.8/site-packages/airflow/models/taskinstance.py", line 433, in _execute_task
    result = execute_callable(context=context, **execute_callable_kwargs)
  File "/home/airflow/.local/lib/python3.8/site-packages/airflow/operators/python.py", line 199, in execute
    return_value = self.execute_callable()
  File "/home/airflow/.local/lib/python3.8/site-packages/airflow/operators/python.py", line 216, in execute_callable
    return self.python_callable(*self.op_args, **self.op_kwargs)
  File "/opt/airflow/dags/gold_dag.py", line 143, in <lambda>
    python_callable=lambda **_: _run_dbt("+fact_transactions"),
  File "/opt/airflow/dags/gold_dag.py", line 90, in _run_dbt
    raise RuntimeError(f"dbt failed (exit {ret}). See logs above.")
RuntimeError: dbt failed (exit 1). See logs above.
[2025-11-02T14:07:34.279+0000] {taskinstance.py:1138} INFO - Marking task as UP_FOR_RETRY. dag_id=gold_dimensions_pipeline, task_id=dbt_fact_transactions, execution_date=20251102T130750, start_date=20251102T140727, end_date=20251102T140734
[2025-11-02T14:07:34.310+0000] {standard_task_runner.py:107} ERROR - Failed to execute job 418 for task dbt_fact_transactions (dbt failed (exit 1). See logs above.; 14174)
[2025-11-02T14:07:34.355+0000] {local_task_job_runner.py:234} INFO - Task exited with return code 1
[2025-11-02T14:07:34.389+0000] {taskinstance.py:3280} INFO - 0 downstream tasks scheduled from follow-on schedule check
